2026-06-17 00:34:15.753 [info] [main] Log level: Info
2026-06-17 00:34:15.753 [info] [main] Validating found git in: "git"
2026-06-17 00:34:15.753 [info] [main] Using git "2.43.0" from "git"
2026-06-17 00:34:15.753 [info] [Model][doInitialScan] Initial repository scan started
2026-06-17 00:34:15.753 [info] > git rev-parse --show-toplevel [2ms]
2026-06-17 00:34:15.753 [info] fatal: not a git repository (or any of the parent directories): .git
2026-06-17 00:34:15.753 [info] > git rev-parse --show-toplevel [32ms]
2026-06-17 00:34:15.753 [info] > git rev-parse --git-dir --git-common-dir --show-superproject-working-tree [9ms]
2026-06-17 00:34:15.753 [info] [Model][openRepository] Opened repository (path): /home/vsysuser/workspace/assignment1-AmsyarRiz
2026-06-17 00:34:15.753 [info] [Model][openRepository] Opened repository (real path): /home/vsysuser/workspace/assignment1-AmsyarRiz
2026-06-17 00:34:15.753 [info] [Model][openRepository] Opened repository (kind): repository
2026-06-17 00:34:15.753 [info] > git rev-parse --show-toplevel [10ms]
2026-06-17 00:34:15.753 [info] fatal: not a git repository (or any of the parent directories): .git
2026-06-17 00:34:15.753 [info] > git config --get commit.template [19ms]
2026-06-17 00:34:15.753 [info] > git rev-parse --show-toplevel [10ms]
2026-06-17 00:34:15.753 [info] fatal: not a git repository (or any of the parent directories): .git
2026-06-17 00:34:15.753 [info] > git for-each-ref --format=%(refname)%00%(upstream:short)%00%(objectname)%00%(upstream:track)%00%(upstream:remotename)%00%(upstream:remoteref) refs/heads/main refs/remotes/main [11ms]
2026-06-17 00:34:15.753 [warning] [Git][revParse] Unable to read file: ENOENT: no such file or directory, open '/home/vsysuser/workspace/assignment1-AmsyarRiz/.git/refs/remotes/origin/main'
2026-06-17 00:34:15.753 [info] > git rev-parse --show-toplevel [10ms]
2026-06-17 00:34:15.753 [info] fatal: not a git repository (or any of the parent directories): .git
2026-06-17 00:34:15.753 [info] > git rev-parse refs/remotes/origin/main [10ms]
2026-06-17 00:34:15.753 [info] > git status -z -uall [10ms]
2026-06-17 00:34:15.753 [info] > git rev-parse --show-toplevel [20ms]
2026-06-17 00:34:15.753 [info] fatal: not a git repository (or any of the parent directories): .git
2026-06-17 00:34:15.753 [info] > git for-each-ref --sort -committerdate --format %(refname)%00%(objectname)%00%(*objectname) [10ms]
2026-06-17 00:34:15.753 [info] > git for-each-ref --format=%(refname)%00%(upstream:short)%00%(objectname)%00%(upstream:track)%00%(upstream:remotename)%00%(upstream:remoteref) refs/heads/main refs/remotes/main [11ms]
2026-06-17 00:34:15.753 [info] > git rev-parse --show-toplevel [47ms]
2026-06-17 00:34:15.753 [info] fatal: not a git repository (or any of the parent directories): .git
2026-06-17 00:34:15.753 [info] > git config --get commit.template [13ms]
2026-06-17 00:34:15.753 [info] > git config --get --local branch.main.vscode-merge-base [7ms]
2026-06-17 00:34:15.753 [info] > git rev-parse --show-toplevel [15ms]
2026-06-17 00:34:15.753 [info] fatal: not a git repository (or any of the parent directories): .git
2026-06-17 00:34:15.753 [info] > git for-each-ref --format=%(refname)%00%(upstream:short)%00%(objectname)%00%(upstream:track)%00%(upstream:remotename)%00%(upstream:remoteref) refs/heads/main refs/remotes/main [3ms]
2026-06-17 00:34:15.753 [info] > git for-each-ref --format=%(refname)%00%(upstream:short)%00%(objectname)%00%(upstream:track)%00%(upstream:remotename)%00%(upstream:remoteref) refs/heads/origin/main refs/remotes/origin/main [10ms]
2026-06-17 00:34:15.753 [warning] [Git][revParse] Unable to read file: ENOENT: no such file or directory, open '/home/vsysuser/workspace/assignment1-AmsyarRiz/.git/refs/remotes/origin/main'
2026-06-17 00:34:15.753 [info] > git rev-parse --show-toplevel [8ms]
2026-06-17 00:34:15.753 [info] fatal: not a git repository (or any of the parent directories): .git
2026-06-17 00:34:15.753 [info] [Model][doInitialScan] Initial repository scan completed - repositories (1), closed repositories (0), parent repositories (0), unsafe repositories (0)
2026-06-17 00:34:15.753 [info] > git merge-base refs/heads/main refs/remotes/origin/main [15ms]
2026-06-17 00:34:15.753 [info] > git rev-parse refs/remotes/origin/main [31ms]
2026-06-17 00:34:15.753 [info] > git status -z -uall [10ms]
2026-06-17 00:34:15.753 [info] > git diff --name-status -z --diff-filter=ADMR 261908b4bc59edacebe6d54dc3b2f934b109acde...refs/remotes/origin/main [36ms]
2026-06-17 00:34:15.753 [info] > git for-each-ref --sort -committerdate --format %(refname)%00%(objectname)%00%(*objectname) [6ms]
2026-06-17 00:34:15.940 [info] > git rev-parse --show-toplevel [7ms]
2026-06-17 00:34:15.940 [info] fatal: not a git repository (or any of the parent directories): .git
2026-06-17 00:34:17.647 [info] > git check-ignore -v -z --stdin [4ms]
2026-06-17 00:34:17.693 [info] > git rev-parse --show-toplevel [3ms]
2026-06-17 00:34:17.693 [info] fatal: not a git repository (or any of the parent directories): .git
2026-06-17 00:34:18.046 [info] > git show --textconv :modules/01-linux-essentials/SUBMISSION.md [7ms]
2026-06-17 00:34:18.048 [info] > git ls-files --stage -- modules/01-linux-essentials/SUBMISSION.md [3ms]
2026-06-17 00:34:18.058 [info] > git cat-file -s 515d874fd6f8eb28fa0d290185bec0741d06f6dd [4ms]
2026-06-17 00:34:18.416 [info] > git rev-parse --show-toplevel [3ms]
2026-06-17 00:34:18.417 [info] fatal: not a git repository (or any of the parent directories): .git
2026-06-17 00:34:18.528 [info] > git rev-parse --show-toplevel [4ms]
2026-06-17 00:34:18.528 [info] fatal: not a git repository (or any of the parent directories): .git
