2026-06-18 07:57:15.390 [info] [main] Log level: Info
2026-06-18 07:57:15.390 [info] [main] Validating found git in: "git"
2026-06-18 07:57:15.390 [info] [main] Using git "2.43.0" from "git"
2026-06-18 07:57:15.390 [info] [Model][doInitialScan] Initial repository scan started
2026-06-18 07:57:15.390 [info] > git rev-parse --show-toplevel [5ms]
2026-06-18 07:57:15.390 [info] > git rev-parse --git-dir --git-common-dir --show-superproject-working-tree [12ms]
2026-06-18 07:57:15.390 [info] [Model][openRepository] Opened repository (path): /home/vsysuser/workspace
2026-06-18 07:57:15.390 [info] [Model][openRepository] Opened repository (real path): /home/vsysuser/workspace
2026-06-18 07:57:15.390 [info] [Model][openRepository] Opened repository (kind): repository
2026-06-18 07:57:15.390 [info] > git config --get commit.template [12ms]
2026-06-18 07:57:15.390 [info] > git rev-parse --show-toplevel [6ms]
2026-06-18 07:57:15.390 [info] [Git][getRemotes] No remotes found in the git config file
2026-06-18 07:57:15.390 [info] > git for-each-ref --format=%(refname)%00%(upstream:short)%00%(objectname)%00%(upstream:track)%00%(upstream:remotename)%00%(upstream:remoteref) refs/heads/master refs/remotes/master [15ms]
2026-06-18 07:57:15.390 [info] > git status -z -uall [25ms]
2026-06-18 07:57:15.390 [info] > git rev-parse --git-dir --git-common-dir --show-superproject-working-tree [40ms]
2026-06-18 07:57:15.390 [info] [Model][openRepository] Opened repository (path): /home/vsysuser/workspace/assignment1-AmsyarRiz
2026-06-18 07:57:15.390 [info] [Model][openRepository] Opened repository (real path): /home/vsysuser/workspace/assignment1-AmsyarRiz
2026-06-18 07:57:15.390 [info] [Model][openRepository] Opened repository (kind): submodule
2026-06-18 07:57:15.390 [info] > git for-each-ref --sort -committerdate --format %(refname)%00%(objectname)%00%(*objectname) [50ms]
2026-06-18 07:57:15.390 [info] > git for-each-ref --format=%(refname)%00%(upstream:short)%00%(objectname)%00%(upstream:track)%00%(upstream:remotename)%00%(upstream:remoteref) refs/heads/master refs/remotes/master [70ms]
2026-06-18 07:57:15.390 [info] > git rev-parse --show-toplevel [109ms]
2026-06-18 07:57:15.390 [info] > git config --get commit.template [120ms]
2026-06-18 07:57:15.390 [info] > git config --get --local branch.master.vscode-merge-base [45ms]
2026-06-18 07:57:15.390 [warning] [Git][config] git config failed: Failed to execute git
2026-06-18 07:57:15.390 [info] > git config --get commit.template [68ms]
2026-06-18 07:57:15.390 [info] > git rev-parse --show-toplevel [29ms]
2026-06-18 07:57:15.390 [info] [Git][getRemotes] No remotes found in the git config file
2026-06-18 07:57:15.390 [info] > git for-each-ref --format=%(refname)%00%(upstream:short)%00%(objectname)%00%(upstream:track)%00%(upstream:remotename)%00%(upstream:remoteref) refs/heads/main refs/remotes/main [15ms]
2026-06-18 07:57:15.390 [info] > git reflog master --grep-reflog=branch: Created from *. [27ms]
2026-06-18 07:57:15.390 [warning] [Git][revParse] Unable to read file: ENOENT: no such file or directory, open '/home/vsysuser/workspace/assignment1-AmsyarRiz/.git/refs/remotes/origin/main'
2026-06-18 07:57:15.391 [info] > git for-each-ref --format=%(refname)%00%(upstream:short)%00%(objectname)%00%(upstream:track)%00%(upstream:remotename)%00%(upstream:remoteref) refs/heads/master refs/remotes/master [27ms]
2026-06-18 07:57:15.391 [info] > git rev-parse refs/remotes/origin/main [26ms]
2026-06-18 07:57:15.391 [info] > git rev-parse --show-toplevel [54ms]
2026-06-18 07:57:15.391 [info] > git status -z -uall [46ms]
2026-06-18 07:57:15.391 [info] > git status -z -uall [21ms]
2026-06-18 07:57:15.391 [info] > git for-each-ref --sort -committerdate --format %(refname)%00%(objectname)%00%(*objectname) [35ms]
2026-06-18 07:57:15.391 [info] > git rev-parse --show-toplevel [30ms]
2026-06-18 07:57:15.391 [info] > git for-each-ref --sort -committerdate --format %(refname)%00%(objectname)%00%(*objectname) [40ms]
2026-06-18 07:57:15.391 [info] > git for-each-ref --format=%(refname)%00%(upstream:short)%00%(objectname)%00%(upstream:track)%00%(upstream:remotename)%00%(upstream:remoteref) refs/heads/main refs/remotes/main [21ms]
2026-06-18 07:57:15.391 [info] > git config --get commit.template [12ms]
2026-06-18 07:57:15.391 [info] > git rev-parse --show-toplevel [20ms]
2026-06-18 07:57:15.391 [info] > git config --get --local branch.main.vscode-merge-base [15ms]
2026-06-18 07:57:15.392 [info] > git rev-parse --git-dir --git-common-dir --show-superproject-working-tree [24ms]
2026-06-18 07:57:15.397 [info] [Model][openRepository] Opened repository (path): /home/vsysuser/workspace/learn_git
2026-06-18 07:57:15.397 [info] [Model][openRepository] Opened repository (real path): /home/vsysuser/workspace/learn_git
2026-06-18 07:57:15.397 [info] [Model][openRepository] Opened repository (kind): repository
2026-06-18 07:57:15.421 [info] > git for-each-ref --format=%(refname)%00%(upstream:short)%00%(objectname)%00%(upstream:track)%00%(upstream:remotename)%00%(upstream:remoteref) refs/heads/main refs/remotes/main [32ms]
2026-06-18 07:57:15.421 [info] > git for-each-ref --format=%(refname)%00%(upstream:short)%00%(objectname)%00%(upstream:track)%00%(upstream:remotename)%00%(upstream:remoteref) refs/heads/origin/main refs/remotes/origin/main [40ms]
2026-06-18 07:57:15.442 [warning] [Git][revParse] Unable to read file: ENOENT: no such file or directory, open '/home/vsysuser/workspace/assignment1-AmsyarRiz/.git/refs/remotes/origin/main'
2026-06-18 07:57:15.443 [info] > git rev-parse --show-toplevel [23ms]
2026-06-18 07:57:15.444 [info] [Model][doInitialScan] Initial repository scan completed - repositories (3), closed repositories (0), parent repositories (0), unsafe repositories (0)
2026-06-18 07:57:15.444 [info] > git config --get commit.template [33ms]
2026-06-18 07:57:15.445 [info] > git rev-parse refs/remotes/origin/main [3ms]
2026-06-18 07:57:15.469 [info] > git merge-base refs/heads/main refs/remotes/origin/main [37ms]
2026-06-18 07:57:15.487 [info] > git status -z -uall [32ms]
2026-06-18 07:57:15.487 [info] > git for-each-ref --sort -committerdate --format %(refname)%00%(objectname)%00%(*objectname) [19ms]
2026-06-18 07:57:15.501 [info] > git merge-base refs/heads/main refs/remotes/origin/main [4ms]
2026-06-18 07:57:15.510 [info] > git for-each-ref --format=%(refname)%00%(upstream:short)%00%(objectname)%00%(upstream:track)%00%(upstream:remotename)%00%(upstream:remoteref) refs/heads/main refs/remotes/main [24ms]
2026-06-18 07:57:15.510 [info] > git diff --name-status -z --diff-filter=ADMR 261908b4bc59edacebe6d54dc3b2f934b109acde...refs/remotes/origin/main [33ms]
2026-06-18 07:57:15.533 [info] > git diff --name-status -z --diff-filter=ADMR 261908b4bc59edacebe6d54dc3b2f934b109acde...refs/remotes/origin/main [24ms]
2026-06-18 07:57:15.533 [info] > git status -z -uall [9ms]
2026-06-18 07:57:15.536 [info] > git for-each-ref --sort -committerdate --format %(refname)%00%(objectname)%00%(*objectname) [3ms]
2026-06-18 07:57:15.558 [info] > git for-each-ref --format=%(refname)%00%(upstream:short)%00%(objectname)%00%(upstream:track)%00%(upstream:remotename)%00%(upstream:remoteref) refs/heads/main refs/remotes/main [11ms]
2026-06-18 07:57:15.569 [info] > git config --get commit.template [12ms]
2026-06-18 07:57:15.577 [info] > git config --get --local branch.main.vscode-merge-base [11ms]
2026-06-18 07:57:15.577 [warning] [Git][config] git config failed: Failed to execute git
2026-06-18 07:57:15.587 [info] > git for-each-ref --format=%(refname)%00%(upstream:short)%00%(objectname)%00%(upstream:track)%00%(upstream:remotename)%00%(upstream:remoteref) refs/heads/main refs/remotes/main [11ms]
2026-06-18 07:57:15.590 [info] > git reflog main --grep-reflog=branch: Created from *. [5ms]
2026-06-18 07:57:15.615 [info] > git status -z -uall [10ms]
2026-06-18 07:57:15.616 [info] > git symbolic-ref --short refs/remotes/origin/HEAD [18ms]
2026-06-18 07:57:15.616 [info] fatal: ref refs/remotes/origin/HEAD is not a symbolic ref
2026-06-18 07:57:15.616 [warning] [Repository][getDefaultBranch] Failed to get default branch details: Failed to execute git.
2026-06-18 07:57:15.624 [info] > git for-each-ref --sort -committerdate --format %(refname)%00%(objectname)%00%(*objectname) [12ms]
2026-06-18 07:57:15.636 [info] > git merge-base refs/heads/main refs/remotes/origin/main [13ms]
2026-06-18 07:57:15.645 [info] > git merge-base refs/heads/main refs/remotes/origin/main [11ms]
2026-06-18 07:57:15.653 [info] > git diff --name-status -z --diff-filter=ADMR 59b7ba39a2db682af4425beec8ec6d10bbb146f0...refs/remotes/origin/main [10ms]
2026-06-18 07:57:15.655 [info] > git diff --name-status -z --diff-filter=ADMR 59b7ba39a2db682af4425beec8ec6d10bbb146f0...refs/remotes/origin/main [3ms]
2026-06-18 07:57:17.520 [info] > git check-ignore -v -z --stdin [58ms]
2026-06-18 07:57:17.521 [info] > git check-ignore -v -z --stdin [49ms]
2026-06-18 07:57:17.522 [info] > git check-ignore -v -z --stdin [34ms]
2026-06-18 07:57:17.526 [info] > git config --get commit.template [18ms]
2026-06-18 07:57:17.528 [info] [Git][getRemotes] No remotes found in the git config file
2026-06-18 07:57:17.542 [info] > git for-each-ref --format=%(refname)%00%(upstream:short)%00%(objectname)%00%(upstream:track)%00%(upstream:remotename)%00%(upstream:remoteref) refs/heads/master refs/remotes/master [3ms]
2026-06-18 07:57:17.592 [info] > git for-each-ref --sort -committerdate --format %(refname)%00%(objectname)%00%(*objectname) [5ms]
2026-06-18 07:57:17.670 [info] > git status -z -uall [114ms]
2026-06-18 07:57:21.721 [info] > git show --textconv :modules/02-git-version-control/exercises.md [17ms]
2026-06-18 07:57:21.724 [info] > git ls-files --stage -- modules/02-git-version-control/exercises.md [4ms]
2026-06-18 07:57:21.735 [info] > git cat-file -s 244dc5874d70f22bebc5489eadf54b2e0e4194d4 [2ms]
2026-06-18 07:57:21.996 [info] > git blame --root --incremental 261908b4bc59edacebe6d54dc3b2f934b109acde -- modules/02-git-version-control/exercises.md [3ms]
2026-06-18 07:57:22.705 [info] [Git][getRemotes] No remotes found in the git config file
2026-06-18 07:57:22.706 [info] > git config --get commit.template [14ms]
2026-06-18 07:57:22.707 [info] > git for-each-ref --format=%(refname)%00%(upstream:short)%00%(objectname)%00%(upstream:track)%00%(upstream:remotename)%00%(upstream:remoteref) refs/heads/master refs/remotes/master [3ms]
2026-06-18 07:57:22.730 [info] > git for-each-ref --sort -committerdate --format %(refname)%00%(objectname)%00%(*objectname) [4ms]
2026-06-18 07:57:22.734 [info] > git status -z -uall [18ms]
2026-06-18 07:57:27.751 [info] [Git][getRemotes] No remotes found in the git config file
2026-06-18 07:57:27.760 [info] > git config --get commit.template [11ms]
2026-06-18 07:57:27.762 [info] > git for-each-ref --format=%(refname)%00%(upstream:short)%00%(objectname)%00%(upstream:track)%00%(upstream:remotename)%00%(upstream:remoteref) refs/heads/master refs/remotes/master [3ms]
2026-06-18 07:57:27.786 [info] > git for-each-ref --sort -committerdate --format %(refname)%00%(objectname)%00%(*objectname) [6ms]
2026-06-18 07:57:27.791 [info] > git status -z -uall [21ms]
2026-06-18 07:57:32.818 [info] [Git][getRemotes] No remotes found in the git config file
2026-06-18 07:57:32.819 [info] > git config --get commit.template [14ms]
2026-06-18 07:57:32.821 [info] > git for-each-ref --format=%(refname)%00%(upstream:short)%00%(objectname)%00%(upstream:track)%00%(upstream:remotename)%00%(upstream:remoteref) refs/heads/master refs/remotes/master [3ms]
2026-06-18 07:57:32.848 [info] > git for-each-ref --sort -committerdate --format %(refname)%00%(objectname)%00%(*objectname) [3ms]
2026-06-18 07:57:32.853 [info] > git status -z -uall [20ms]
2026-06-18 07:57:37.868 [info] [Git][getRemotes] No remotes found in the git config file
2026-06-18 07:57:37.879 [info] > git config --get commit.template [12ms]
2026-06-18 07:57:37.881 [info] > git for-each-ref --format=%(refname)%00%(upstream:short)%00%(objectname)%00%(upstream:track)%00%(upstream:remotename)%00%(upstream:remoteref) refs/heads/master refs/remotes/master [3ms]
2026-06-18 07:57:37.904 [info] > git for-each-ref --sort -committerdate --format %(refname)%00%(objectname)%00%(*objectname) [4ms]
2026-06-18 07:57:37.908 [info] > git status -z -uall [19ms]
2026-06-18 07:57:42.925 [info] [Git][getRemotes] No remotes found in the git config file
2026-06-18 07:57:42.936 [info] > git config --get commit.template [12ms]
2026-06-18 07:57:42.936 [info] > git for-each-ref --format=%(refname)%00%(upstream:short)%00%(objectname)%00%(upstream:track)%00%(upstream:remotename)%00%(upstream:remoteref) refs/heads/master refs/remotes/master [2ms]
2026-06-18 07:57:42.963 [info] > git status -z -uall [19ms]
2026-06-18 07:57:42.963 [info] > git for-each-ref --sort -committerdate --format %(refname)%00%(objectname)%00%(*objectname) [4ms]
2026-06-18 07:57:47.988 [info] [Git][getRemotes] No remotes found in the git config file
2026-06-18 07:57:47.990 [info] > git config --get commit.template [14ms]
2026-06-18 07:57:47.990 [info] > git for-each-ref --format=%(refname)%00%(upstream:short)%00%(objectname)%00%(upstream:track)%00%(upstream:remotename)%00%(upstream:remoteref) refs/heads/master refs/remotes/master [2ms]
2026-06-18 07:57:48.020 [info] > git for-each-ref --sort -committerdate --format %(refname)%00%(objectname)%00%(*objectname) [3ms]
2026-06-18 07:57:48.023 [info] > git status -z -uall [21ms]
2026-06-18 07:57:53.042 [info] [Git][getRemotes] No remotes found in the git config file
2026-06-18 07:57:53.044 [info] > git config --get commit.template [9ms]
2026-06-18 07:57:53.044 [info] > git for-each-ref --format=%(refname)%00%(upstream:short)%00%(objectname)%00%(upstream:track)%00%(upstream:remotename)%00%(upstream:remoteref) refs/heads/master refs/remotes/master [2ms]
2026-06-18 07:57:53.067 [info] > git for-each-ref --sort -committerdate --format %(refname)%00%(objectname)%00%(*objectname) [5ms]
2026-06-18 07:57:53.070 [info] > git status -z -uall [19ms]
2026-06-18 07:57:58.084 [info] > git config --get commit.template [3ms]
2026-06-18 07:57:58.094 [info] [Git][getRemotes] No remotes found in the git config file
2026-06-18 07:57:58.096 [info] > git for-each-ref --format=%(refname)%00%(upstream:short)%00%(objectname)%00%(upstream:track)%00%(upstream:remotename)%00%(upstream:remoteref) refs/heads/master refs/remotes/master [2ms]
2026-06-18 07:57:58.118 [info] > git for-each-ref --sort -committerdate --format %(refname)%00%(objectname)%00%(*objectname) [2ms]
2026-06-18 07:57:58.121 [info] > git status -z -uall [17ms]
2026-06-18 07:58:03.133 [info] > git config --get commit.template [2ms]
2026-06-18 07:58:03.140 [info] [Git][getRemotes] No remotes found in the git config file
2026-06-18 07:58:03.143 [info] > git for-each-ref --format=%(refname)%00%(upstream:short)%00%(objectname)%00%(upstream:track)%00%(upstream:remotename)%00%(upstream:remoteref) refs/heads/master refs/remotes/master [3ms]
2026-06-18 07:58:03.164 [info] > git for-each-ref --sort -committerdate --format %(refname)%00%(objectname)%00%(*objectname) [3ms]
2026-06-18 07:58:03.167 [info] > git status -z -uall [17ms]
2026-06-18 07:58:08.188 [info] [Git][getRemotes] No remotes found in the git config file
2026-06-18 07:58:08.189 [info] > git config --get commit.template [10ms]
2026-06-18 07:58:08.190 [info] > git for-each-ref --format=%(refname)%00%(upstream:short)%00%(objectname)%00%(upstream:track)%00%(upstream:remotename)%00%(upstream:remoteref) refs/heads/master refs/remotes/master [2ms]
2026-06-18 07:58:08.212 [info] > git for-each-ref --sort -committerdate --format %(refname)%00%(objectname)%00%(*objectname) [5ms]
2026-06-18 07:58:08.216 [info] > git status -z -uall [18ms]
2026-06-18 07:58:13.008 [info] > git check-ignore -v -z --stdin [2ms]
2026-06-18 07:58:13.246 [info] [Git][getRemotes] No remotes found in the git config file
2026-06-18 07:58:13.247 [info] > git for-each-ref --format=%(refname)%00%(upstream:short)%00%(objectname)%00%(upstream:track)%00%(upstream:remotename)%00%(upstream:remoteref) refs/heads/master refs/remotes/master [2ms]
2026-06-18 07:58:13.247 [info] > git config --get commit.template [13ms]
2026-06-18 07:58:13.271 [info] > git for-each-ref --sort -committerdate --format %(refname)%00%(objectname)%00%(*objectname) [3ms]
2026-06-18 07:58:13.276 [info] > git status -z -uall [19ms]
2026-06-18 07:58:14.139 [info] > git show --textconv :notes.txt [9ms]
2026-06-18 07:58:14.141 [info] > git ls-files --stage -- notes.txt [3ms]
2026-06-18 07:58:14.150 [info] > git cat-file -s b86914d267ec71f1fa33a3a7c48e923e4c0b635e [2ms]
2026-06-18 07:58:18.293 [info] [Git][getRemotes] No remotes found in the git config file
2026-06-18 07:58:18.304 [info] > git config --get commit.template [11ms]
2026-06-18 07:58:18.305 [info] > git for-each-ref --format=%(refname)%00%(upstream:short)%00%(objectname)%00%(upstream:track)%00%(upstream:remotename)%00%(upstream:remoteref) refs/heads/master refs/remotes/master [2ms]
2026-06-18 07:58:18.329 [info] > git for-each-ref --sort -committerdate --format %(refname)%00%(objectname)%00%(*objectname) [4ms]
2026-06-18 07:58:18.332 [info] > git status -z -uall [18ms]
2026-06-18 07:58:20.168 [info] > git show --textconv :modules/02-git-version-control/exercises.md [13ms]
2026-06-18 07:58:20.168 [info] > git ls-files --stage -- modules/02-git-version-control/exercises.md [3ms]
2026-06-18 07:58:20.181 [info] > git cat-file -s 244dc5874d70f22bebc5489eadf54b2e0e4194d4 [4ms]
2026-06-18 07:58:23.351 [info] [Git][getRemotes] No remotes found in the git config file
2026-06-18 07:58:23.352 [info] > git config --get commit.template [10ms]
2026-06-18 07:58:23.353 [info] > git for-each-ref --format=%(refname)%00%(upstream:short)%00%(objectname)%00%(upstream:track)%00%(upstream:remotename)%00%(upstream:remoteref) refs/heads/master refs/remotes/master [2ms]
2026-06-18 07:58:23.376 [info] > git for-each-ref --sort -committerdate --format %(refname)%00%(objectname)%00%(*objectname) [3ms]
2026-06-18 07:58:23.380 [info] > git status -z -uall [18ms]
2026-06-18 07:58:28.402 [info] [Git][getRemotes] No remotes found in the git config file
2026-06-18 07:58:28.402 [info] > git config --get commit.template [9ms]
2026-06-18 07:58:28.404 [info] > git for-each-ref --format=%(refname)%00%(upstream:short)%00%(objectname)%00%(upstream:track)%00%(upstream:remotename)%00%(upstream:remoteref) refs/heads/master refs/remotes/master [3ms]
2026-06-18 07:58:28.426 [info] > git for-each-ref --sort -committerdate --format %(refname)%00%(objectname)%00%(*objectname) [4ms]
2026-06-18 07:58:28.429 [info] > git status -z -uall [17ms]
2026-06-18 07:58:33.449 [info] [Git][getRemotes] No remotes found in the git config file
2026-06-18 07:58:33.449 [info] > git config --get commit.template [9ms]
2026-06-18 07:58:33.450 [info] > git for-each-ref --format=%(refname)%00%(upstream:short)%00%(objectname)%00%(upstream:track)%00%(upstream:remotename)%00%(upstream:remoteref) refs/heads/master refs/remotes/master [2ms]
2026-06-18 07:58:33.472 [info] > git for-each-ref --sort -committerdate --format %(refname)%00%(objectname)%00%(*objectname) [3ms]
2026-06-18 07:58:33.476 [info] > git status -z -uall [17ms]
2026-06-18 07:58:38.496 [info] [Git][getRemotes] No remotes found in the git config file
2026-06-18 07:58:38.499 [info] > git config --get commit.template [12ms]
2026-06-18 07:58:38.502 [info] > git for-each-ref --format=%(refname)%00%(upstream:short)%00%(objectname)%00%(upstream:track)%00%(upstream:remotename)%00%(upstream:remoteref) refs/heads/master refs/remotes/master [6ms]
2026-06-18 07:58:38.524 [info] > git for-each-ref --sort -committerdate --format %(refname)%00%(objectname)%00%(*objectname) [2ms]
2026-06-18 07:58:38.527 [info] > git status -z -uall [17ms]
2026-06-18 07:58:43.546 [info] [Git][getRemotes] No remotes found in the git config file
2026-06-18 07:58:43.548 [info] > git config --get commit.template [11ms]
2026-06-18 07:58:43.548 [info] > git for-each-ref --format=%(refname)%00%(upstream:short)%00%(objectname)%00%(upstream:track)%00%(upstream:remotename)%00%(upstream:remoteref) refs/heads/master refs/remotes/master [2ms]
2026-06-18 07:58:43.574 [info] > git for-each-ref --sort -committerdate --format %(refname)%00%(objectname)%00%(*objectname) [4ms]
2026-06-18 07:58:43.575 [info] > git status -z -uall [19ms]
2026-06-18 07:58:48.278 [info] > git show --textconv :notes.txt [11ms]
2026-06-18 07:58:48.279 [info] > git ls-files --stage -- notes.txt [4ms]
2026-06-18 07:58:48.288 [info] > git cat-file -s b86914d267ec71f1fa33a3a7c48e923e4c0b635e [2ms]
2026-06-18 07:58:48.593 [info] [Git][getRemotes] No remotes found in the git config file
2026-06-18 07:58:48.596 [info] > git for-each-ref --format=%(refname)%00%(upstream:short)%00%(objectname)%00%(upstream:track)%00%(upstream:remotename)%00%(upstream:remoteref) refs/heads/master refs/remotes/master [3ms]
2026-06-18 07:58:48.596 [info] > git config --get commit.template [11ms]
2026-06-18 07:58:48.618 [info] > git for-each-ref --sort -committerdate --format %(refname)%00%(objectname)%00%(*objectname) [4ms]
2026-06-18 07:58:48.621 [info] > git status -z -uall [17ms]
2026-06-18 07:58:49.094 [info] > git blame --root --incremental 59b7ba39a2db682af4425beec8ec6d10bbb146f0 -- notes.txt [2ms]
2026-06-18 07:58:53.634 [info] [Git][getRemotes] No remotes found in the git config file
2026-06-18 07:58:53.644 [info] > git config --get commit.template [11ms]
2026-06-18 07:58:53.644 [info] > git for-each-ref --format=%(refname)%00%(upstream:short)%00%(objectname)%00%(upstream:track)%00%(upstream:remotename)%00%(upstream:remoteref) refs/heads/master refs/remotes/master [3ms]
2026-06-18 07:58:53.665 [info] > git for-each-ref --sort -committerdate --format %(refname)%00%(objectname)%00%(*objectname) [4ms]
2026-06-18 07:58:53.669 [info] > git status -z -uall [17ms]
2026-06-18 07:58:54.661 [info] > git config --get commit.template [9ms]
2026-06-18 07:58:54.663 [info] > git for-each-ref --format=%(refname)%00%(upstream:short)%00%(objectname)%00%(upstream:track)%00%(upstream:remotename)%00%(upstream:remoteref) refs/heads/main refs/remotes/main [3ms]
2026-06-18 07:58:54.680 [info] > git status -z -uall [9ms]
2026-06-18 07:58:54.682 [info] > git for-each-ref --sort -committerdate --format %(refname)%00%(objectname)%00%(*objectname) [2ms]
2026-06-18 07:58:58.683 [info] [Git][getRemotes] No remotes found in the git config file
2026-06-18 07:58:58.692 [info] > git config --get commit.template [10ms]
2026-06-18 07:58:58.693 [info] > git for-each-ref --format=%(refname)%00%(upstream:short)%00%(objectname)%00%(upstream:track)%00%(upstream:remotename)%00%(upstream:remoteref) refs/heads/master refs/remotes/master [2ms]
2026-06-18 07:58:58.714 [info] > git for-each-ref --sort -committerdate --format %(refname)%00%(objectname)%00%(*objectname) [3ms]
2026-06-18 07:58:58.719 [info] > git status -z -uall [19ms]
2026-06-18 07:59:01.681 [info] > git show --textconv :notes.txt [10ms]
2026-06-18 07:59:01.682 [info] > git ls-files --stage -- notes.txt [2ms]
2026-06-18 07:59:01.694 [info] > git cat-file -s b86914d267ec71f1fa33a3a7c48e923e4c0b635e [3ms]
2026-06-18 07:59:03.741 [info] [Git][getRemotes] No remotes found in the git config file
2026-06-18 07:59:03.742 [info] > git config --get commit.template [10ms]
2026-06-18 07:59:03.743 [info] > git for-each-ref --format=%(refname)%00%(upstream:short)%00%(objectname)%00%(upstream:track)%00%(upstream:remotename)%00%(upstream:remoteref) refs/heads/master refs/remotes/master [3ms]
2026-06-18 07:59:03.769 [info] > git for-each-ref --sort -committerdate --format %(refname)%00%(objectname)%00%(*objectname) [3ms]
2026-06-18 07:59:03.773 [info] > git status -z -uall [19ms]
2026-06-18 07:59:05.762 [info] > git show --textconv :modules/02-git-version-control/exercises.md [11ms]
2026-06-18 07:59:05.763 [info] > git ls-files --stage -- modules/02-git-version-control/exercises.md [2ms]
2026-06-18 07:59:05.774 [info] > git cat-file -s 244dc5874d70f22bebc5489eadf54b2e0e4194d4 [3ms]
2026-06-18 07:59:08.795 [info] [Git][getRemotes] No remotes found in the git config file
2026-06-18 07:59:08.797 [info] > git config --get commit.template [11ms]
2026-06-18 07:59:08.797 [info] > git for-each-ref --format=%(refname)%00%(upstream:short)%00%(objectname)%00%(upstream:track)%00%(upstream:remotename)%00%(upstream:remoteref) refs/heads/master refs/remotes/master [2ms]
2026-06-18 07:59:08.819 [info] > git for-each-ref --sort -committerdate --format %(refname)%00%(objectname)%00%(*objectname) [2ms]
2026-06-18 07:59:08.822 [info] > git status -z -uall [18ms]
2026-06-18 07:59:13.841 [info] [Git][getRemotes] No remotes found in the git config file
2026-06-18 07:59:13.841 [info] > git config --get commit.template [9ms]
2026-06-18 07:59:13.843 [info] > git for-each-ref --format=%(refname)%00%(upstream:short)%00%(objectname)%00%(upstream:track)%00%(upstream:remotename)%00%(upstream:remoteref) refs/heads/master refs/remotes/master [3ms]
2026-06-18 07:59:13.864 [info] > git for-each-ref --sort -committerdate --format %(refname)%00%(objectname)%00%(*objectname) [3ms]
2026-06-18 07:59:13.868 [info] > git status -z -uall [18ms]
2026-06-18 07:59:18.888 [info] > git config --get commit.template [5ms]
2026-06-18 07:59:18.899 [info] [Git][getRemotes] No remotes found in the git config file
2026-06-18 07:59:18.902 [info] > git for-each-ref --format=%(refname)%00%(upstream:short)%00%(objectname)%00%(upstream:track)%00%(upstream:remotename)%00%(upstream:remoteref) refs/heads/master refs/remotes/master [4ms]
2026-06-18 07:59:18.925 [info] > git for-each-ref --sort -committerdate --format %(refname)%00%(objectname)%00%(*objectname) [3ms]
2026-06-18 07:59:18.929 [info] > git status -z -uall [18ms]
2026-06-18 07:59:23.799 [info] > git show --textconv :modules/02-git-version-control/README.md [15ms]
2026-06-18 07:59:23.801 [info] > git ls-files --stage -- modules/02-git-version-control/README.md [5ms]
2026-06-18 07:59:23.817 [info] > git cat-file -s 4183a8bff586abcc88a53b3dd8ff714ab413ea88 [6ms]
2026-06-18 07:59:23.951 [info] [Git][getRemotes] No remotes found in the git config file
2026-06-18 07:59:23.952 [info] > git config --get commit.template [10ms]
2026-06-18 07:59:23.954 [info] > git for-each-ref --format=%(refname)%00%(upstream:short)%00%(objectname)%00%(upstream:track)%00%(upstream:remotename)%00%(upstream:remoteref) refs/heads/master refs/remotes/master [3ms]
2026-06-18 07:59:23.980 [info] > git for-each-ref --sort -committerdate --format %(refname)%00%(objectname)%00%(*objectname) [8ms]
2026-06-18 07:59:23.986 [info] > git status -z -uall [24ms]
2026-06-18 07:59:28.999 [info] [Git][getRemotes] No remotes found in the git config file
2026-06-18 07:59:29.007 [info] > git config --get commit.template [9ms]
2026-06-18 07:59:29.008 [info] > git for-each-ref --format=%(refname)%00%(upstream:short)%00%(objectname)%00%(upstream:track)%00%(upstream:remotename)%00%(upstream:remoteref) refs/heads/master refs/remotes/master [2ms]
2026-06-18 07:59:29.029 [info] > git for-each-ref --sort -committerdate --format %(refname)%00%(objectname)%00%(*objectname) [4ms]
2026-06-18 07:59:29.033 [info] > git status -z -uall [18ms]
2026-06-18 07:59:34.054 [info] [Git][getRemotes] No remotes found in the git config file
2026-06-18 07:59:34.054 [info] > git config --get commit.template [9ms]
2026-06-18 07:59:34.055 [info] > git for-each-ref --format=%(refname)%00%(upstream:short)%00%(objectname)%00%(upstream:track)%00%(upstream:remotename)%00%(upstream:remoteref) refs/heads/master refs/remotes/master [2ms]
2026-06-18 07:59:34.078 [info] > git for-each-ref --sort -committerdate --format %(refname)%00%(objectname)%00%(*objectname) [5ms]
2026-06-18 07:59:34.081 [info] > git status -z -uall [18ms]
2026-06-18 07:59:39.103 [info] [Git][getRemotes] No remotes found in the git config file
2026-06-18 07:59:39.104 [info] > git config --get commit.template [12ms]
2026-06-18 07:59:39.105 [info] > git for-each-ref --format=%(refname)%00%(upstream:short)%00%(objectname)%00%(upstream:track)%00%(upstream:remotename)%00%(upstream:remoteref) refs/heads/master refs/remotes/master [2ms]
2026-06-18 07:59:39.127 [info] > git for-each-ref --sort -committerdate --format %(refname)%00%(objectname)%00%(*objectname) [4ms]
2026-06-18 07:59:39.131 [info] > git status -z -uall [18ms]
2026-06-18 07:59:44.150 [info] [Git][getRemotes] No remotes found in the git config file
2026-06-18 07:59:44.151 [info] > git config --get commit.template [9ms]
2026-06-18 07:59:44.153 [info] > git for-each-ref --format=%(refname)%00%(upstream:short)%00%(objectname)%00%(upstream:track)%00%(upstream:remotename)%00%(upstream:remoteref) refs/heads/master refs/remotes/master [3ms]
2026-06-18 07:59:44.175 [info] > git for-each-ref --sort -committerdate --format %(refname)%00%(objectname)%00%(*objectname) [4ms]
2026-06-18 07:59:44.179 [info] > git status -z -uall [18ms]
2026-06-18 07:59:49.205 [info] [Git][getRemotes] No remotes found in the git config file
2026-06-18 07:59:49.206 [info] > git config --get commit.template [13ms]
2026-06-18 07:59:49.207 [info] > git for-each-ref --format=%(refname)%00%(upstream:short)%00%(objectname)%00%(upstream:track)%00%(upstream:remotename)%00%(upstream:remoteref) refs/heads/master refs/remotes/master [2ms]
2026-06-18 07:59:49.230 [info] > git for-each-ref --sort -committerdate --format %(refname)%00%(objectname)%00%(*objectname) [5ms]
2026-06-18 07:59:49.233 [info] > git status -z -uall [18ms]
2026-06-18 07:59:54.246 [info] [Git][getRemotes] No remotes found in the git config file
2026-06-18 07:59:54.256 [info] > git config --get commit.template [11ms]
2026-06-18 07:59:54.257 [info] > git for-each-ref --format=%(refname)%00%(upstream:short)%00%(objectname)%00%(upstream:track)%00%(upstream:remotename)%00%(upstream:remoteref) refs/heads/master refs/remotes/master [2ms]
2026-06-18 07:59:54.279 [info] > git for-each-ref --sort -committerdate --format %(refname)%00%(objectname)%00%(*objectname) [4ms]
2026-06-18 07:59:54.283 [info] > git status -z -uall [18ms]
2026-06-18 07:59:59.304 [info] [Git][getRemotes] No remotes found in the git config file
2026-06-18 07:59:59.305 [info] > git config --get commit.template [8ms]
2026-06-18 07:59:59.306 [info] > git for-each-ref --format=%(refname)%00%(upstream:short)%00%(objectname)%00%(upstream:track)%00%(upstream:remotename)%00%(upstream:remoteref) refs/heads/master refs/remotes/master [2ms]
2026-06-18 07:59:59.327 [info] > git for-each-ref --sort -committerdate --format %(refname)%00%(objectname)%00%(*objectname) [3ms]
2026-06-18 07:59:59.331 [info] > git status -z -uall [18ms]
2026-06-18 08:00:04.353 [info] [Git][getRemotes] No remotes found in the git config file
2026-06-18 08:00:04.354 [info] > git config --get commit.template [11ms]
2026-06-18 08:00:04.355 [info] > git for-each-ref --format=%(refname)%00%(upstream:short)%00%(objectname)%00%(upstream:track)%00%(upstream:remotename)%00%(upstream:remoteref) refs/heads/master refs/remotes/master [2ms]
2026-06-18 08:00:04.377 [info] > git for-each-ref --sort -committerdate --format %(refname)%00%(objectname)%00%(*objectname) [2ms]
2026-06-18 08:00:04.381 [info] > git status -z -uall [18ms]
2026-06-18 08:00:09.396 [info] > git config --get commit.template [2ms]
2026-06-18 08:00:09.397 [info] [Git][getRemotes] No remotes found in the git config file
2026-06-18 08:00:09.412 [info] > git for-each-ref --format=%(refname)%00%(upstream:short)%00%(objectname)%00%(upstream:track)%00%(upstream:remotename)%00%(upstream:remoteref) refs/heads/master refs/remotes/master [5ms]
2026-06-18 08:00:09.452 [info] > git for-each-ref --sort -committerdate --format %(refname)%00%(objectname)%00%(*objectname) [2ms]
2026-06-18 08:00:09.458 [info] > git status -z -uall [28ms]
2026-06-18 08:00:14.481 [info] [Git][getRemotes] No remotes found in the git config file
2026-06-18 08:00:14.482 [info] > git config --get commit.template [13ms]
2026-06-18 08:00:14.483 [info] > git for-each-ref --format=%(refname)%00%(upstream:short)%00%(objectname)%00%(upstream:track)%00%(upstream:remotename)%00%(upstream:remoteref) refs/heads/master refs/remotes/master [2ms]
2026-06-18 08:00:14.506 [info] > git for-each-ref --sort -committerdate --format %(refname)%00%(objectname)%00%(*objectname) [4ms]
2026-06-18 08:00:14.510 [info] > git status -z -uall [19ms]
2026-06-18 08:00:19.525 [info] [Git][getRemotes] No remotes found in the git config file
2026-06-18 08:00:19.533 [info] > git config --get commit.template [10ms]
2026-06-18 08:00:19.534 [info] > git for-each-ref --format=%(refname)%00%(upstream:short)%00%(objectname)%00%(upstream:track)%00%(upstream:remotename)%00%(upstream:remoteref) refs/heads/master refs/remotes/master [2ms]
2026-06-18 08:00:19.556 [info] > git for-each-ref --sort -committerdate --format %(refname)%00%(objectname)%00%(*objectname) [4ms]
2026-06-18 08:00:19.559 [info] > git status -z -uall [17ms]
2026-06-18 08:00:24.582 [info] [Git][getRemotes] No remotes found in the git config file
2026-06-18 08:00:24.584 [info] > git config --get commit.template [11ms]
2026-06-18 08:00:24.584 [info] > git for-each-ref --format=%(refname)%00%(upstream:short)%00%(objectname)%00%(upstream:track)%00%(upstream:remotename)%00%(upstream:remoteref) refs/heads/master refs/remotes/master [2ms]
2026-06-18 08:00:24.608 [info] > git for-each-ref --sort -committerdate --format %(refname)%00%(objectname)%00%(*objectname) [2ms]
2026-06-18 08:00:24.611 [info] > git status -z -uall [18ms]
2026-06-18 08:00:29.638 [info] [Git][getRemotes] No remotes found in the git config file
2026-06-18 08:00:29.639 [info] > git config --get commit.template [14ms]
2026-06-18 08:00:29.640 [info] > git for-each-ref --format=%(refname)%00%(upstream:short)%00%(objectname)%00%(upstream:track)%00%(upstream:remotename)%00%(upstream:remoteref) refs/heads/master refs/remotes/master [2ms]
2026-06-18 08:00:29.664 [info] > git for-each-ref --sort -committerdate --format %(refname)%00%(objectname)%00%(*objectname) [4ms]
2026-06-18 08:00:29.669 [info] > git status -z -uall [20ms]
2026-06-18 08:00:34.684 [info] [Git][getRemotes] No remotes found in the git config file
2026-06-18 08:00:34.695 [info] > git config --get commit.template [12ms]
2026-06-18 08:00:34.697 [info] > git for-each-ref --format=%(refname)%00%(upstream:short)%00%(objectname)%00%(upstream:track)%00%(upstream:remotename)%00%(upstream:remoteref) refs/heads/master refs/remotes/master [3ms]
2026-06-18 08:00:34.723 [info] > git for-each-ref --sort -committerdate --format %(refname)%00%(objectname)%00%(*objectname) [3ms]
2026-06-18 08:00:34.728 [info] > git status -z -uall [20ms]
2026-06-18 08:00:39.750 [info] [Git][getRemotes] No remotes found in the git config file
2026-06-18 08:00:39.750 [info] > git config --get commit.template [10ms]
2026-06-18 08:00:39.751 [info] > git for-each-ref --format=%(refname)%00%(upstream:short)%00%(objectname)%00%(upstream:track)%00%(upstream:remotename)%00%(upstream:remoteref) refs/heads/master refs/remotes/master [2ms]
2026-06-18 08:00:39.774 [info] > git for-each-ref --sort -committerdate --format %(refname)%00%(objectname)%00%(*objectname) [3ms]
2026-06-18 08:00:39.777 [info] > git status -z -uall [18ms]
2026-06-18 08:00:44.801 [info] [Git][getRemotes] No remotes found in the git config file
2026-06-18 08:00:44.802 [info] > git config --get commit.template [12ms]
2026-06-18 08:00:44.803 [info] > git for-each-ref --format=%(refname)%00%(upstream:short)%00%(objectname)%00%(upstream:track)%00%(upstream:remotename)%00%(upstream:remoteref) refs/heads/master refs/remotes/master [3ms]
2026-06-18 08:00:44.827 [info] > git for-each-ref --sort -committerdate --format %(refname)%00%(objectname)%00%(*objectname) [5ms]
2026-06-18 08:00:44.829 [info] > git status -z -uall [18ms]
2026-06-18 08:00:49.854 [info] [Git][getRemotes] No remotes found in the git config file
2026-06-18 08:00:49.856 [info] > git config --get commit.template [13ms]
2026-06-18 08:00:49.856 [info] > git for-each-ref --format=%(refname)%00%(upstream:short)%00%(objectname)%00%(upstream:track)%00%(upstream:remotename)%00%(upstream:remoteref) refs/heads/master refs/remotes/master [2ms]
2026-06-18 08:00:49.880 [info] > git for-each-ref --sort -committerdate --format %(refname)%00%(objectname)%00%(*objectname) [2ms]
2026-06-18 08:00:49.885 [info] > git status -z -uall [20ms]
2026-06-18 08:00:54.909 [info] [Git][getRemotes] No remotes found in the git config file
2026-06-18 08:00:54.909 [info] > git config --get commit.template [10ms]
2026-06-18 08:00:54.910 [info] > git for-each-ref --format=%(refname)%00%(upstream:short)%00%(objectname)%00%(upstream:track)%00%(upstream:remotename)%00%(upstream:remoteref) refs/heads/master refs/remotes/master [2ms]
2026-06-18 08:00:54.936 [info] > git for-each-ref --sort -committerdate --format %(refname)%00%(objectname)%00%(*objectname) [5ms]
2026-06-18 08:00:54.940 [info] > git status -z -uall [21ms]
2026-06-18 08:00:59.971 [info] [Git][getRemotes] No remotes found in the git config file
2026-06-18 08:00:59.972 [info] > git config --get commit.template [14ms]
2026-06-18 08:00:59.977 [info] > git for-each-ref --format=%(refname)%00%(upstream:short)%00%(objectname)%00%(upstream:track)%00%(upstream:remotename)%00%(upstream:remoteref) refs/heads/master refs/remotes/master [7ms]
2026-06-18 08:01:00.023 [info] > git for-each-ref --sort -committerdate --format %(refname)%00%(objectname)%00%(*objectname) [5ms]
2026-06-18 08:01:00.031 [info] > git status -z -uall [40ms]
2026-06-18 08:01:05.055 [info] [Git][getRemotes] No remotes found in the git config file
2026-06-18 08:01:05.056 [info] > git config --get commit.template [10ms]
2026-06-18 08:01:05.057 [info] > git for-each-ref --format=%(refname)%00%(upstream:short)%00%(objectname)%00%(upstream:track)%00%(upstream:remotename)%00%(upstream:remoteref) refs/heads/master refs/remotes/master [2ms]
2026-06-18 08:01:05.082 [info] > git for-each-ref --sort -committerdate --format %(refname)%00%(objectname)%00%(*objectname) [4ms]
2026-06-18 08:01:05.085 [info] > git status -z -uall [19ms]
2026-06-18 08:01:10.103 [info] [Git][getRemotes] No remotes found in the git config file
2026-06-18 08:01:10.114 [info] > git config --get commit.template [12ms]
2026-06-18 08:01:10.118 [info] > git for-each-ref --format=%(refname)%00%(upstream:short)%00%(objectname)%00%(upstream:track)%00%(upstream:remotename)%00%(upstream:remoteref) refs/heads/master refs/remotes/master [5ms]
2026-06-18 08:01:10.147 [info] > git for-each-ref --sort -committerdate --format %(refname)%00%(objectname)%00%(*objectname) [5ms]
2026-06-18 08:01:10.150 [info] > git status -z -uall [20ms]
2026-06-18 08:01:15.172 [info] [Git][getRemotes] No remotes found in the git config file
2026-06-18 08:01:15.184 [info] > git config --get commit.template [13ms]
2026-06-18 08:01:15.185 [info] > git for-each-ref --format=%(refname)%00%(upstream:short)%00%(objectname)%00%(upstream:track)%00%(upstream:remotename)%00%(upstream:remoteref) refs/heads/master refs/remotes/master [2ms]
2026-06-18 08:01:15.214 [info] > git for-each-ref --sort -committerdate --format %(refname)%00%(objectname)%00%(*objectname) [4ms]
2026-06-18 08:01:15.218 [info] > git status -z -uall [20ms]
2026-06-18 08:01:20.249 [info] [Git][getRemotes] No remotes found in the git config file
2026-06-18 08:01:20.250 [info] > git config --get commit.template [12ms]
2026-06-18 08:01:20.251 [info] > git for-each-ref --format=%(refname)%00%(upstream:short)%00%(objectname)%00%(upstream:track)%00%(upstream:remotename)%00%(upstream:remoteref) refs/heads/master refs/remotes/master [3ms]
2026-06-18 08:01:20.284 [info] > git for-each-ref --sort -committerdate --format %(refname)%00%(objectname)%00%(*objectname) [7ms]
2026-06-18 08:01:20.291 [info] > git status -z -uall [29ms]
2026-06-18 08:01:25.320 [info] [Git][getRemotes] No remotes found in the git config file
2026-06-18 08:01:25.321 [info] > git config --get commit.template [13ms]
2026-06-18 08:01:25.323 [info] > git for-each-ref --format=%(refname)%00%(upstream:short)%00%(objectname)%00%(upstream:track)%00%(upstream:remotename)%00%(upstream:remoteref) refs/heads/master refs/remotes/master [4ms]
2026-06-18 08:01:25.350 [info] > git for-each-ref --sort -committerdate --format %(refname)%00%(objectname)%00%(*objectname) [5ms]
2026-06-18 08:01:25.353 [info] > git status -z -uall [20ms]
2026-06-18 08:01:30.382 [info] [Git][getRemotes] No remotes found in the git config file
2026-06-18 08:01:30.383 [info] > git config --get commit.template [15ms]
2026-06-18 08:01:30.384 [info] > git for-each-ref --format=%(refname)%00%(upstream:short)%00%(objectname)%00%(upstream:track)%00%(upstream:remotename)%00%(upstream:remoteref) refs/heads/master refs/remotes/master [2ms]
2026-06-18 08:01:30.412 [info] > git for-each-ref --sort -committerdate --format %(refname)%00%(objectname)%00%(*objectname) [6ms]
2026-06-18 08:01:30.416 [info] > git status -z -uall [22ms]
2026-06-18 08:01:35.439 [info] [Git][getRemotes] No remotes found in the git config file
2026-06-18 08:01:35.441 [info] > git for-each-ref --format=%(refname)%00%(upstream:short)%00%(objectname)%00%(upstream:track)%00%(upstream:remotename)%00%(upstream:remoteref) refs/heads/master refs/remotes/master [4ms]
2026-06-18 08:01:35.441 [info] > git config --get commit.template [13ms]
2026-06-18 08:01:35.467 [info] > git for-each-ref --sort -committerdate --format %(refname)%00%(objectname)%00%(*objectname) [4ms]
2026-06-18 08:01:35.470 [info] > git status -z -uall [18ms]
2026-06-18 08:01:40.492 [info] [Git][getRemotes] No remotes found in the git config file
2026-06-18 08:01:40.493 [info] > git config --get commit.template [12ms]
2026-06-18 08:01:40.494 [info] > git for-each-ref --format=%(refname)%00%(upstream:short)%00%(objectname)%00%(upstream:track)%00%(upstream:remotename)%00%(upstream:remoteref) refs/heads/master refs/remotes/master [1ms]
2026-06-18 08:01:40.519 [info] > git for-each-ref --sort -committerdate --format %(refname)%00%(objectname)%00%(*objectname) [5ms]
2026-06-18 08:01:40.522 [info] > git status -z -uall [19ms]
2026-06-18 08:01:45.535 [info] [Git][getRemotes] No remotes found in the git config file
2026-06-18 08:01:45.545 [info] > git config --get commit.template [9ms]
2026-06-18 08:01:45.546 [info] > git for-each-ref --format=%(refname)%00%(upstream:short)%00%(objectname)%00%(upstream:track)%00%(upstream:remotename)%00%(upstream:remoteref) refs/heads/master refs/remotes/master [2ms]
2026-06-18 08:01:45.574 [info] > git for-each-ref --sort -committerdate --format %(refname)%00%(objectname)%00%(*objectname) [3ms]
2026-06-18 08:01:45.578 [info] > git status -z -uall [19ms]
2026-06-18 08:01:50.610 [info] [Git][getRemotes] No remotes found in the git config file
2026-06-18 08:01:50.611 [info] > git config --get commit.template [16ms]
2026-06-18 08:01:50.612 [info] > git for-each-ref --format=%(refname)%00%(upstream:short)%00%(objectname)%00%(upstream:track)%00%(upstream:remotename)%00%(upstream:remoteref) refs/heads/master refs/remotes/master [2ms]
2026-06-18 08:01:50.638 [info] > git for-each-ref --sort -committerdate --format %(refname)%00%(objectname)%00%(*objectname) [5ms]
2026-06-18 08:01:50.641 [info] > git status -z -uall [19ms]
2026-06-18 08:01:55.671 [info] [Git][getRemotes] No remotes found in the git config file
2026-06-18 08:01:55.672 [info] > git config --get commit.template [16ms]
2026-06-18 08:01:55.673 [info] > git for-each-ref --format=%(refname)%00%(upstream:short)%00%(objectname)%00%(upstream:track)%00%(upstream:remotename)%00%(upstream:remoteref) refs/heads/master refs/remotes/master [2ms]
2026-06-18 08:01:55.700 [info] > git for-each-ref --sort -committerdate --format %(refname)%00%(objectname)%00%(*objectname) [6ms]
2026-06-18 08:01:55.702 [info] > git status -z -uall [18ms]
2026-06-18 08:02:00.726 [info] [Git][getRemotes] No remotes found in the git config file
2026-06-18 08:02:00.726 [info] > git config --get commit.template [11ms]
2026-06-18 08:02:00.727 [info] > git for-each-ref --format=%(refname)%00%(upstream:short)%00%(objectname)%00%(upstream:track)%00%(upstream:remotename)%00%(upstream:remoteref) refs/heads/master refs/remotes/master [2ms]
2026-06-18 08:02:00.754 [info] > git for-each-ref --sort -committerdate --format %(refname)%00%(objectname)%00%(*objectname) [5ms]
2026-06-18 08:02:00.757 [info] > git status -z -uall [20ms]
2026-06-18 08:02:05.781 [info] [Git][getRemotes] No remotes found in the git config file
2026-06-18 08:02:05.782 [info] > git config --get commit.template [13ms]
2026-06-18 08:02:05.784 [info] > git for-each-ref --format=%(refname)%00%(upstream:short)%00%(objectname)%00%(upstream:track)%00%(upstream:remotename)%00%(upstream:remoteref) refs/heads/master refs/remotes/master [4ms]
2026-06-18 08:02:05.811 [info] > git for-each-ref --sort -committerdate --format %(refname)%00%(objectname)%00%(*objectname) [6ms]
2026-06-18 08:02:05.813 [info] > git status -z -uall [20ms]
2026-06-18 08:02:10.829 [info] [Git][getRemotes] No remotes found in the git config file
2026-06-18 08:02:10.838 [info] > git config --get commit.template [10ms]
2026-06-18 08:02:10.839 [info] > git for-each-ref --format=%(refname)%00%(upstream:short)%00%(objectname)%00%(upstream:track)%00%(upstream:remotename)%00%(upstream:remoteref) refs/heads/master refs/remotes/master [2ms]
2026-06-18 08:02:10.865 [info] > git for-each-ref --sort -committerdate --format %(refname)%00%(objectname)%00%(*objectname) [5ms]
2026-06-18 08:02:10.866 [info] > git status -z -uall [19ms]
2026-06-18 08:02:15.888 [info] [Git][getRemotes] No remotes found in the git config file
2026-06-18 08:02:15.889 [info] > git config --get commit.template [11ms]
2026-06-18 08:02:15.906 [info] > git for-each-ref --format=%(refname)%00%(upstream:short)%00%(objectname)%00%(upstream:track)%00%(upstream:remotename)%00%(upstream:remoteref) refs/heads/master refs/remotes/master [18ms]
2026-06-18 08:02:15.942 [info] > git status -z -uall [20ms]
2026-06-18 08:02:15.942 [info] > git for-each-ref --sort -committerdate --format %(refname)%00%(objectname)%00%(*objectname) [10ms]
2026-06-18 08:02:18.123 [info] > git config --get commit.template [12ms]
2026-06-18 08:02:18.125 [info] > git for-each-ref --format=%(refname)%00%(upstream:short)%00%(objectname)%00%(upstream:track)%00%(upstream:remotename)%00%(upstream:remoteref) refs/heads/main refs/remotes/main [3ms]
2026-06-18 08:02:18.136 [warning] [Git][revParse] Unable to read file: ENOENT: no such file or directory, open '/home/vsysuser/workspace/assignment1-AmsyarRiz/.git/refs/remotes/origin/main'
2026-06-18 08:02:18.138 [info] > git rev-parse refs/remotes/origin/main [1ms]
2026-06-18 08:02:18.158 [info] > git status -z -uall [11ms]
2026-06-18 08:02:18.161 [info] > git for-each-ref --sort -committerdate --format %(refname)%00%(objectname)%00%(*objectname) [4ms]
2026-06-18 08:02:18.322 [info] > git ls-files --stage -- modules/02-git-version-control/exercises.md [12ms]
2026-06-18 08:02:18.333 [info] > git ls-files --stage -- modules/02-git-version-control/README.md [12ms]
2026-06-18 08:02:18.349 [info] > git cat-file -s 244dc5874d70f22bebc5489eadf54b2e0e4194d4 [17ms]
2026-06-18 08:02:18.351 [info] > git cat-file -s 4183a8bff586abcc88a53b3dd8ff714ab413ea88 [3ms]
2026-06-18 08:02:18.468 [info] > git show --textconv :modules/02-git-version-control/exercises.md [11ms]
2026-06-18 08:02:18.470 [info] > git show --textconv :modules/02-git-version-control/README.md [3ms]
2026-06-18 08:02:20.971 [info] [Git][getRemotes] No remotes found in the git config file
2026-06-18 08:02:20.973 [info] > git config --get commit.template [12ms]
2026-06-18 08:02:20.974 [info] > git for-each-ref --format=%(refname)%00%(upstream:short)%00%(objectname)%00%(upstream:track)%00%(upstream:remotename)%00%(upstream:remoteref) refs/heads/master refs/remotes/master [4ms]
2026-06-18 08:02:21.000 [info] > git for-each-ref --sort -committerdate --format %(refname)%00%(objectname)%00%(*objectname) [3ms]
2026-06-18 08:02:21.012 [info] > git status -z -uall [26ms]
2026-06-18 08:02:26.037 [info] [Git][getRemotes] No remotes found in the git config file
2026-06-18 08:02:26.038 [info] > git config --get commit.template [13ms]
2026-06-18 08:02:26.038 [info] > git for-each-ref --format=%(refname)%00%(upstream:short)%00%(objectname)%00%(upstream:track)%00%(upstream:remotename)%00%(upstream:remoteref) refs/heads/master refs/remotes/master [2ms]
2026-06-18 08:02:26.065 [info] > git for-each-ref --sort -committerdate --format %(refname)%00%(objectname)%00%(*objectname) [3ms]
2026-06-18 08:02:26.068 [info] > git status -z -uall [17ms]
2026-06-18 08:02:31.089 [info] [Git][getRemotes] No remotes found in the git config file
2026-06-18 08:02:31.090 [info] > git config --get commit.template [11ms]
2026-06-18 08:02:31.091 [info] > git for-each-ref --format=%(refname)%00%(upstream:short)%00%(objectname)%00%(upstream:track)%00%(upstream:remotename)%00%(upstream:remoteref) refs/heads/master refs/remotes/master [2ms]
2026-06-18 08:02:31.115 [info] > git for-each-ref --sort -committerdate --format %(refname)%00%(objectname)%00%(*objectname) [4ms]
2026-06-18 08:02:31.118 [info] > git status -z -uall [18ms]
