2026-06-15 12:41:34.850 [info] Extension host with pid 2143 started
2026-06-15 12:41:34.866 [info] Lock '/home/vsysuser/workspace/.openvscode-server/data/User/workspaceStorage/-72e404c2/vscode.lock': Lock acquired.
2026-06-15 12:41:35.725 [info] ExtensionService#_doActivateExtension vscode.emmet, startup: false, activationEvent: 'onLanguage'
2026-06-15 12:41:35.726 [info] ExtensionService#_doActivateExtension vscode.extension-editing, startup: false, activationEvent: 'onLanguage:markdown'
2026-06-15 12:41:35.727 [info] ExtensionService#_doActivateExtension vscode.markdown-language-features, startup: false, activationEvent: 'onLanguage:markdown'
2026-06-15 12:41:36.180 [info] ExtensionService#_doActivateExtension vscode.git-base, startup: true, activationEvent: '*', root cause: vscode.git
2026-06-15 12:41:36.284 [info] ExtensionService#_doActivateExtension vscode.git, startup: true, activationEvent: '*'
2026-06-15 12:41:36.285 [info] ExtensionService#_doActivateExtension vscode.github, startup: true, activationEvent: '*'
2026-06-15 12:41:36.432 [info] ExtensionService#_doActivateExtension vscode.markdown-math, startup: false, activationEvent: 'api', root cause: vscode.markdown-language-features
2026-06-15 12:41:36.571 [info] Eager extensions activated
2026-06-15 12:41:36.571 [info] ExtensionService#_doActivateExtension vscode.debug-auto-launch, startup: false, activationEvent: 'onStartupFinished'
2026-06-15 12:41:36.571 [info] ExtensionService#_doActivateExtension vscode.merge-conflict, startup: false, activationEvent: 'onStartupFinished'
2026-06-15 12:41:36.572 [info] ExtensionService#_doActivateExtension Continue.continue, startup: false, activationEvent: 'onStartupFinished'
2026-06-15 12:41:36.572 [info] ExtensionService#_doActivateExtension vyomasystems.functional-coverage-viewer, startup: false, activationEvent: 'onStartupFinished'
2026-06-15 12:41:38.206 [info] ExtensionService#_doActivateExtension vscode.github-authentication, startup: false, activationEvent: 'onAuthenticationRequest:github'
2026-06-15 12:41:39.829 [info] ExtensionService#_doActivateExtension vscode.terminal-suggest, startup: false, activationEvent: 'onTerminalShellIntegration:*'
2026-06-15 12:44:56.046 [info] ExtensionService#_doActivateExtension vscode.npm, startup: false, activationEvent: 'onTerminalQuickFixRequest:ms-vscode.npm-command'
2026-06-15 15:42:45.793 [info] Extension host terminating: renderer disconnected for too long (2)
2026-06-15 15:42:45.793 [info] Lock '/home/vsysuser/workspace/.openvscode-server/data/User/workspaceStorage/-72e404c2/vscode.lock': Marking the lockfile as scheduled to be released in 6000 ms.
2026-06-15 15:42:45.806 [info] Extension host with pid 2143 exiting with code 0
