2026-06-16 00:16:45.034 [info] Extension host with pid 19865 started
2026-06-16 00:16:45.055 [info] Lock '/home/vsysuser/workspace/.openvscode-server/data/User/workspaceStorage/-72e404c2/vscode.lock': Lock acquired.
2026-06-16 00:16:45.300 [info] ExtensionService#_doActivateExtension vscode.extension-editing, startup: false, activationEvent: 'onLanguage:markdown'
2026-06-16 00:16:45.302 [info] ExtensionService#_doActivateExtension vscode.markdown-language-features, startup: false, activationEvent: 'onLanguage:markdown'
2026-06-16 00:16:45.302 [info] ExtensionService#_doActivateExtension vscode.emmet, startup: false, activationEvent: 'onLanguage'
2026-06-16 00:16:45.807 [info] ExtensionService#_doActivateExtension vscode.git-base, startup: true, activationEvent: '*', root cause: vscode.git
2026-06-16 00:16:45.910 [info] ExtensionService#_doActivateExtension vscode.git, startup: true, activationEvent: '*'
2026-06-16 00:16:45.910 [info] ExtensionService#_doActivateExtension vscode.github, startup: true, activationEvent: '*'
2026-06-16 00:16:46.062 [info] ExtensionService#_doActivateExtension vscode.markdown-math, startup: false, activationEvent: 'api', root cause: vscode.markdown-language-features
2026-06-16 00:16:46.186 [info] Eager extensions activated
2026-06-16 00:16:46.186 [info] ExtensionService#_doActivateExtension vscode.debug-auto-launch, startup: false, activationEvent: 'onStartupFinished'
2026-06-16 00:16:46.187 [info] ExtensionService#_doActivateExtension vscode.merge-conflict, startup: false, activationEvent: 'onStartupFinished'
2026-06-16 00:16:46.187 [info] ExtensionService#_doActivateExtension Continue.continue, startup: false, activationEvent: 'onStartupFinished'
2026-06-16 00:16:46.187 [info] ExtensionService#_doActivateExtension vyomasystems.functional-coverage-viewer, startup: false, activationEvent: 'onStartupFinished'
2026-06-16 00:16:47.832 [info] ExtensionService#_doActivateExtension vscode.github-authentication, startup: false, activationEvent: 'onAuthenticationRequest:github'
2026-06-16 00:16:49.845 [info] ExtensionService#_doActivateExtension vscode.terminal-suggest, startup: false, activationEvent: 'onTerminalShellIntegration:*'
2026-06-16 00:20:08.546 [info] ExtensionService#_doActivateExtension vscode.npm, startup: false, activationEvent: 'onTerminalQuickFixRequest:ms-vscode.npm-command'
2026-06-16 20:14:54.627 [info] Extension host terminating: renderer disconnected for too long (1)
2026-06-16 20:14:54.628 [info] Lock '/home/vsysuser/workspace/.openvscode-server/data/User/workspaceStorage/-72e404c2/vscode.lock': Marking the lockfile as scheduled to be released in 6000 ms.
2026-06-16 20:14:54.642 [info] Extension host with pid 19865 exiting with code 0
