2026-06-17 00:34:12.692 [info] Extension host with pid 21241 started
2026-06-17 00:34:12.692 [error] Error: EEXIST: file already exists, open '/home/vsysuser/workspace/.openvscode-server/data/User/workspaceStorage/-72e404c2/vscode.lock'
2026-06-17 00:34:12.713 [info] Lock '/home/vsysuser/workspace/.openvscode-server/data/User/workspaceStorage/-72e404c2/vscode.lock': Could not acquire lock, checking if the file is stale.
2026-06-17 00:34:12.792 [info] Lock '/home/vsysuser/workspace/.openvscode-server/data/User/workspaceStorage/-72e404c2/vscode.lock': The lock does not look stale, elapsed: 2351 ms, giving up.
2026-06-17 00:34:12.841 [info] Lock '/home/vsysuser/workspace/.openvscode-server/data/User/workspaceStorage/-72e404c2-1/vscode.lock': Lock acquired.
2026-06-17 00:34:12.965 [info] ExtensionService#_doActivateExtension vscode.extension-editing, startup: false, activationEvent: 'onLanguage:markdown'
2026-06-17 00:34:12.967 [info] ExtensionService#_doActivateExtension vscode.markdown-language-features, startup: false, activationEvent: 'onLanguage:markdown'
2026-06-17 00:34:12.967 [info] ExtensionService#_doActivateExtension vscode.emmet, startup: false, activationEvent: 'onLanguage'
2026-06-17 00:34:13.743 [info] ExtensionService#_doActivateExtension vscode.git-base, startup: true, activationEvent: '*', root cause: vscode.git
2026-06-17 00:34:13.840 [info] ExtensionService#_doActivateExtension vscode.git, startup: true, activationEvent: '*'
2026-06-17 00:34:13.841 [info] ExtensionService#_doActivateExtension vscode.github, startup: true, activationEvent: '*'
2026-06-17 00:34:14.029 [info] ExtensionService#_doActivateExtension vscode.markdown-math, startup: false, activationEvent: 'api', root cause: vscode.markdown-language-features
2026-06-17 00:34:14.152 [info] Eager extensions activated
2026-06-17 00:34:14.153 [info] ExtensionService#_doActivateExtension vscode.debug-auto-launch, startup: false, activationEvent: 'onStartupFinished'
2026-06-17 00:34:14.153 [info] ExtensionService#_doActivateExtension vscode.merge-conflict, startup: false, activationEvent: 'onStartupFinished'
2026-06-17 00:34:14.154 [info] ExtensionService#_doActivateExtension Continue.continue, startup: false, activationEvent: 'onStartupFinished'
2026-06-17 00:34:14.154 [info] ExtensionService#_doActivateExtension vyomasystems.functional-coverage-viewer, startup: false, activationEvent: 'onStartupFinished'
2026-06-17 00:34:15.769 [info] ExtensionService#_doActivateExtension vscode.github-authentication, startup: false, activationEvent: 'onAuthenticationRequest:github'
2026-06-17 00:34:17.929 [info] ExtensionService#_doActivateExtension vscode.terminal-suggest, startup: false, activationEvent: 'onTerminalShellIntegration:*'
2026-06-17 00:35:16.298 [info] Extension host terminating: received terminate message from renderer
2026-06-17 00:35:16.299 [info] Lock '/home/vsysuser/workspace/.openvscode-server/data/User/workspaceStorage/-72e404c2-1/vscode.lock': Marking the lockfile as scheduled to be released in 6000 ms.
2026-06-17 00:35:16.316 [info] Extension host with pid 21241 exiting with code 0
