2026-06-17 00:37:40.383 [info] Reading sessions from keychain...
2026-06-17 00:37:40.383 [info] Getting sessions for all scopes...
2026-06-17 00:37:40.383 [info] Got 0 sessions for ...
2026-06-17 00:37:40.383 [info] Getting sessions for all scopes...
2026-06-17 00:37:40.383 [info] Got 0 sessions for ...
2026-06-17 00:37:40.383 [info] Getting sessions for all scopes...
2026-06-17 00:37:40.383 [info] Got 0 sessions for ...
2026-06-17 00:37:40.409 [info] Getting sessions for all scopes...
2026-06-17 00:37:40.409 [info] Got 0 sessions for ...
2026-06-17 00:37:40.409 [info] Getting sessions for all scopes...
2026-06-17 00:37:40.409 [info] Got 0 sessions for ...
2026-06-17 00:37:40.456 [info] Getting sessions for read:user,repo,user:email,workflow...
2026-06-17 00:37:40.457 [info] Got 0 sessions for read:user,repo,user:email,workflow...
2026-06-17 00:51:26.383 [info] Getting sessions for read:user,repo,user:email,workflow...
2026-06-17 00:51:26.383 [info] Got 0 sessions for read:user,repo,user:email,workflow...
2026-06-17 01:36:34.819 [info] Getting sessions for read:user,repo,user:email,workflow...
2026-06-17 01:36:34.819 [info] Got 0 sessions for read:user,repo,user:email,workflow...
2026-06-17 01:36:37.215 [info] Logging in with 'any' account...
2026-06-17 01:36:37.215 [info] Logging in for the following scopes: read:user repo user:email workflow
2026-06-17 01:36:37.383 [info] Trying device code flow... (read:user repo user:email workflow)
2026-06-17 01:36:54.953 [info] Getting user info...
2026-06-17 01:36:55.486 [info] Got account info!
2026-06-17 01:36:55.486 [info] Storing 1 sessions...
2026-06-17 01:36:55.662 [info] Reading sessions from keychain...
2026-06-17 01:36:55.662 [info] Stored 1 sessions!
2026-06-17 01:36:55.662 [info] Login success!
2026-06-17 01:36:55.755 [info] Got stored sessions!
2026-06-17 01:36:55.755 [info] Got 1 verified sessions.
2026-06-17 01:36:55.941 [info] Getting sessions for read:user,repo,user:email,workflow...
2026-06-17 01:36:55.942 [info] Got 1 sessions for read:user,repo,user:email,workflow...
2026-06-17 01:38:29.550 [info] Getting sessions for read:user,repo,user:email,workflow...
2026-06-17 01:38:29.550 [info] Got 1 sessions for read:user,repo,user:email,workflow...
