2026-06-15 12:41:38.185 [info] [main] Log level: Info
2026-06-15 12:41:38.185 [info] [main] Validating found git in: "git"
2026-06-15 12:41:38.185 [info] [main] Using git "2.43.0" from "git"
2026-06-15 12:41:38.185 [info] [Model][doInitialScan] Initial repository scan started
2026-06-15 12:41:38.185 [info] > git rev-parse --show-toplevel [59ms]
2026-06-15 12:41:38.185 [info] fatal: not a git repository (or any of the parent directories): .git
2026-06-15 12:41:38.185 [info] > git rev-parse --show-toplevel [5ms]
2026-06-15 12:41:38.185 [info] > git rev-parse --git-dir --git-common-dir --show-superproject-working-tree [10ms]
2026-06-15 12:41:38.185 [info] [Model][openRepository] Opened repository (path): /home/vsysuser/workspace/assignment1-AmsyarRiz
2026-06-15 12:41:38.185 [info] [Model][openRepository] Opened repository (real path): /home/vsysuser/workspace/assignment1-AmsyarRiz
2026-06-15 12:41:38.185 [info] [Model][openRepository] Opened repository (kind): repository
2026-06-15 12:41:38.185 [info] > git config --get commit.template [7ms]
2026-06-15 12:41:38.185 [info] > git rev-parse --show-toplevel [4ms]
2026-06-15 12:41:38.185 [info] fatal: not a git repository (or any of the parent directories): .git
2026-06-15 12:41:38.185 [info] > git for-each-ref --format=%(refname)%00%(upstream:short)%00%(objectname)%00%(upstream:track)%00%(upstream:remotename)%00%(upstream:remoteref) refs/heads/main refs/remotes/main [9ms]
2026-06-15 12:41:38.185 [warning] [Git][revParse] Unable to read file: ENOENT: no such file or directory, open '/home/vsysuser/workspace/assignment1-AmsyarRiz/.git/refs/remotes/origin/main'
2026-06-15 12:41:38.185 [info] > git rev-parse --show-toplevel [8ms]
2026-06-15 12:41:38.185 [info] fatal: not a git repository (or any of the parent directories): .git
2026-06-15 12:41:38.185 [info] > git rev-parse refs/remotes/origin/main [12ms]
2026-06-15 12:41:38.185 [info] > git status -z -uall [9ms]
2026-06-15 12:41:38.185 [info] > git rev-parse --show-toplevel [19ms]
2026-06-15 12:41:38.185 [info] fatal: not a git repository (or any of the parent directories): .git
2026-06-15 12:41:38.185 [info] > git for-each-ref --sort -committerdate --format %(refname)%00%(objectname)%00%(*objectname) [13ms]
2026-06-15 12:41:38.185 [info] > git for-each-ref --format=%(refname)%00%(upstream:short)%00%(objectname)%00%(upstream:track)%00%(upstream:remotename)%00%(upstream:remoteref) refs/heads/main refs/remotes/main [17ms]
2026-06-15 12:41:38.185 [info] > git rev-parse --show-toplevel [51ms]
2026-06-15 12:41:38.185 [info] fatal: not a git repository (or any of the parent directories): .git
2026-06-15 12:41:38.185 [info] [Model][doInitialScan] Initial repository scan completed - repositories (1), closed repositories (0), parent repositories (0), unsafe repositories (0)
2026-06-15 12:41:38.185 [info] > git config --get commit.template [14ms]
2026-06-15 12:41:38.185 [info] > git config --get --local branch.main.vscode-merge-base [5ms]
2026-06-15 12:41:38.185 [info] > git for-each-ref --format=%(refname)%00%(upstream:short)%00%(objectname)%00%(upstream:track)%00%(upstream:remotename)%00%(upstream:remoteref) refs/heads/origin/main refs/remotes/origin/main [8ms]
2026-06-15 12:41:38.185 [info] > git for-each-ref --format=%(refname)%00%(upstream:short)%00%(objectname)%00%(upstream:track)%00%(upstream:remotename)%00%(upstream:remoteref) refs/heads/main refs/remotes/main [10ms]
2026-06-15 12:41:38.185 [warning] [Git][revParse] Unable to read file: ENOENT: no such file or directory, open '/home/vsysuser/workspace/assignment1-AmsyarRiz/.git/refs/remotes/origin/main'
2026-06-15 12:41:38.185 [info] > git merge-base refs/heads/main refs/remotes/origin/main [45ms]
2026-06-15 12:41:38.185 [info] > git rev-parse --show-toplevel [21ms]
2026-06-15 12:41:38.185 [info] fatal: not a git repository (or any of the parent directories): .git
2026-06-15 12:41:38.185 [info] > git rev-parse refs/remotes/origin/main [27ms]
2026-06-15 12:41:38.185 [info] > git status -z -uall [12ms]
2026-06-15 12:41:38.185 [info] > git diff --name-status -z --diff-filter=ADMR 261908b4bc59edacebe6d54dc3b2f934b109acde...refs/remotes/origin/main [20ms]
2026-06-15 12:41:38.185 [info] > git for-each-ref --sort -committerdate --format %(refname)%00%(objectname)%00%(*objectname) [9ms]
2026-06-15 12:41:39.785 [info] > git check-ignore -v -z --stdin [4ms]
2026-06-15 12:41:39.822 [info] > git rev-parse --show-toplevel [4ms]
2026-06-15 12:41:39.822 [info] fatal: not a git repository (or any of the parent directories): .git
2026-06-15 12:41:40.664 [info] > git rev-parse --show-toplevel [11ms]
2026-06-15 12:41:40.664 [info] fatal: not a git repository (or any of the parent directories): .git
2026-06-15 12:41:49.400 [info] > git show --textconv :modules/01-linux-essentials/README.md [8ms]
2026-06-15 12:41:49.401 [info] > git ls-files --stage -- modules/01-linux-essentials/README.md [2ms]
2026-06-15 12:41:49.408 [info] > git cat-file -s 8247155b8eaaf9e89fe42902f657474b8f6f96f7 [2ms]
2026-06-15 12:49:44.418 [info] > git blame --root --incremental 261908b4bc59edacebe6d54dc3b2f934b109acde -- modules/01-linux-essentials/README.md [4ms]
2026-06-15 12:57:54.577 [info] > git rev-parse --show-toplevel [2ms]
2026-06-15 12:57:54.577 [info] fatal: not a git repository (or any of the parent directories): .git
2026-06-15 12:57:59.169 [info] > git rev-parse --show-toplevel [2ms]
2026-06-15 12:57:59.169 [info] fatal: not a git repository (or any of the parent directories): .git
2026-06-15 12:58:00.949 [info] > git rev-parse --show-toplevel [2ms]
2026-06-15 12:58:00.949 [info] fatal: not a git repository (or any of the parent directories): .git
2026-06-15 12:58:01.981 [info] > git rev-parse --show-toplevel [2ms]
2026-06-15 12:58:01.981 [info] fatal: not a git repository (or any of the parent directories): .git
2026-06-15 12:58:03.198 [info] > git rev-parse --show-toplevel [2ms]
2026-06-15 12:58:03.198 [info] fatal: not a git repository (or any of the parent directories): .git
2026-06-15 12:58:06.093 [info] > git show --textconv :modules/01-linux-essentials/README.md [7ms]
2026-06-15 12:58:06.094 [info] > git ls-files --stage -- modules/01-linux-essentials/README.md [2ms]
2026-06-15 12:58:06.103 [info] > git cat-file -s 8247155b8eaaf9e89fe42902f657474b8f6f96f7 [3ms]
2026-06-15 13:08:31.964 [info] > git show --textconv :modules/01-linux-essentials/exercises.md [8ms]
2026-06-15 13:08:31.966 [info] > git ls-files --stage -- modules/01-linux-essentials/exercises.md [3ms]
2026-06-15 13:08:31.974 [info] > git cat-file -s 3ef3535a1a31485a67392f79150b744dd6ce35fd [2ms]
2026-06-15 13:11:31.322 [info] > git show --textconv :modules/01-linux-essentials/README.md [9ms]
2026-06-15 13:11:31.322 [info] > git ls-files --stage -- modules/01-linux-essentials/README.md [3ms]
2026-06-15 13:11:31.330 [info] > git cat-file -s 8247155b8eaaf9e89fe42902f657474b8f6f96f7 [2ms]
2026-06-15 13:13:06.020 [info] > git blame --root --incremental 261908b4bc59edacebe6d54dc3b2f934b109acde -- modules/01-linux-essentials/exercises.md [3ms]
2026-06-15 13:14:46.084 [info] > git rev-parse --show-toplevel [2ms]
2026-06-15 13:14:46.084 [info] fatal: not a git repository (or any of the parent directories): .git
2026-06-15 13:15:14.337 [info] > git show --textconv :modules/01-linux-essentials/exercises.md [7ms]
2026-06-15 13:15:14.338 [info] > git ls-files --stage -- modules/01-linux-essentials/exercises.md [2ms]
2026-06-15 13:15:14.345 [info] > git cat-file -s 3ef3535a1a31485a67392f79150b744dd6ce35fd [2ms]
2026-06-15 13:18:42.156 [info] > git rev-parse --show-toplevel [2ms]
2026-06-15 13:18:42.156 [info] fatal: not a git repository (or any of the parent directories): .git
2026-06-15 13:18:45.850 [info] > git show --textconv :modules/01-linux-essentials/README.md [8ms]
2026-06-15 13:18:45.851 [info] > git ls-files --stage -- modules/01-linux-essentials/README.md [3ms]
2026-06-15 13:18:45.857 [info] > git cat-file -s 8247155b8eaaf9e89fe42902f657474b8f6f96f7 [2ms]
2026-06-15 13:20:58.219 [info] > git rev-parse --show-toplevel [2ms]
2026-06-15 13:20:58.219 [info] fatal: not a git repository (or any of the parent directories): .git
2026-06-15 13:21:20.663 [info] > git show --textconv :modules/01-linux-essentials/README.md [8ms]
2026-06-15 13:21:20.663 [info] > git ls-files --stage -- modules/01-linux-essentials/README.md [2ms]
2026-06-15 13:21:20.670 [info] > git cat-file -s 8247155b8eaaf9e89fe42902f657474b8f6f96f7 [2ms]
2026-06-15 13:22:29.857 [info] > git rev-parse --show-toplevel [1ms]
2026-06-15 13:22:29.857 [info] fatal: not a git repository (or any of the parent directories): .git
2026-06-15 13:22:35.460 [info] > git show --textconv :modules/01-linux-essentials/README.md [8ms]
2026-06-15 13:22:35.461 [info] > git ls-files --stage -- modules/01-linux-essentials/README.md [2ms]
2026-06-15 13:22:35.469 [info] > git cat-file -s 8247155b8eaaf9e89fe42902f657474b8f6f96f7 [2ms]
2026-06-15 13:22:49.552 [info] > git show -s --decorate=full --shortstat --format=%H%n%aN%n%aE%n%at%n%ct%n%P%n%D%n%B -z 000fc11ab848b413478b2c4c26b5f5ab751b1c52 -- [3ms]
2026-06-15 13:44:16.224 [info] > git show -s --decorate=full --shortstat --format=%H%n%aN%n%aE%n%at%n%ct%n%P%n%D%n%B -z 000fc11ab848b413478b2c4c26b5f5ab751b1c52 -- [3ms]
2026-06-15 13:44:16.232 [info] > git hash-object -t tree /dev/null [2ms]
2026-06-15 13:44:16.241 [info] > git diff-tree -r --name-status -z --diff-filter=ADMR --find-renames=50% 4b825dc642cb6eb9a060e54bf8d69288fbee4904 000fc11ab848b413478b2c4c26b5f5ab751b1c52 [3ms]
2026-06-15 13:44:16.669 [info] > git show --textconv 000fc11ab848b413478b2c4c26b5f5ab751b1c52:.gitignore [216ms]
2026-06-15 13:44:16.669 [info] > git show --textconv 000fc11ab848b413478b2c4c26b5f5ab751b1c52:LICENSE [210ms]
2026-06-15 13:44:16.669 [info] > git show --textconv 000fc11ab848b413478b2c4c26b5f5ab751b1c52:README.md [202ms]
2026-06-15 13:44:16.669 [info] > git show --textconv 000fc11ab848b413478b2c4c26b5f5ab751b1c52:modules/01-linux-essentials/README.md [196ms]
2026-06-15 13:44:16.669 [info] > git show --textconv 000fc11ab848b413478b2c4c26b5f5ab751b1c52:modules/01-linux-essentials/SUBMISSION.md [191ms]
2026-06-15 13:44:16.670 [info] > git show --textconv 000fc11ab848b413478b2c4c26b5f5ab751b1c52:modules/01-linux-essentials/exercises.md [186ms]
2026-06-15 13:44:16.670 [info] > git show --textconv 000fc11ab848b413478b2c4c26b5f5ab751b1c52:modules/01-linux-essentials/screenshots/.gitkeep [181ms]
2026-06-15 13:44:16.670 [info] > git show --textconv 000fc11ab848b413478b2c4c26b5f5ab751b1c52:modules/02-git-version-control/README.md [172ms]
2026-06-15 13:44:16.670 [info] > git show --textconv 000fc11ab848b413478b2c4c26b5f5ab751b1c52:modules/02-git-version-control/SUBMISSION.md [164ms]
2026-06-15 13:44:16.670 [info] > git show --textconv 000fc11ab848b413478b2c4c26b5f5ab751b1c52:modules/02-git-version-control/exercises.md [157ms]
2026-06-15 13:44:16.670 [info] > git show --textconv 000fc11ab848b413478b2c4c26b5f5ab751b1c52:modules/02-git-version-control/screenshots/.gitkeep [152ms]
2026-06-15 13:44:16.670 [info] > git show --textconv 000fc11ab848b413478b2c4c26b5f5ab751b1c52:modules/03-python-programming/README.md [146ms]
2026-06-15 13:44:16.670 [info] > git show --textconv 000fc11ab848b413478b2c4c26b5f5ab751b1c52:modules/03-python-programming/SUBMISSION.md [141ms]
2026-06-15 13:44:16.670 [info] > git show --textconv 000fc11ab848b413478b2c4c26b5f5ab751b1c52:modules/03-python-programming/exercises.md [135ms]
2026-06-15 13:44:16.670 [info] > git show --textconv 000fc11ab848b413478b2c4c26b5f5ab751b1c52:modules/03-python-programming/poem.txt [129ms]
2026-06-15 13:44:16.670 [info] > git show --textconv 000fc11ab848b413478b2c4c26b5f5ab751b1c52:modules/03-python-programming/screenshots/.gitkeep [123ms]
2026-06-15 13:44:16.670 [info] > git show --textconv 000fc11ab848b413478b2c4c26b5f5ab751b1c52:vyoma.png [115ms]
2026-06-15 13:44:16.671 [info] > git ls-tree -l 000fc11ab848b413478b2c4c26b5f5ab751b1c52 -- vyoma.png [14ms]
2026-06-15 13:44:16.672 [info] > git ls-tree -l 000fc11ab848b413478b2c4c26b5f5ab751b1c52 -- modules/03-python-programming/screenshots/.gitkeep [22ms]
2026-06-15 13:44:16.672 [info] > git ls-tree -l 000fc11ab848b413478b2c4c26b5f5ab751b1c52 -- modules/03-python-programming/poem.txt [28ms]
2026-06-15 13:44:16.672 [info] > git ls-tree -l 000fc11ab848b413478b2c4c26b5f5ab751b1c52 -- modules/03-python-programming/exercises.md [35ms]
2026-06-15 13:44:16.676 [info] > git ls-tree -l 000fc11ab848b413478b2c4c26b5f5ab751b1c52 -- modules/03-python-programming/SUBMISSION.md [46ms]
2026-06-15 13:44:16.676 [info] > git ls-tree -l 000fc11ab848b413478b2c4c26b5f5ab751b1c52 -- modules/03-python-programming/README.md [51ms]
2026-06-15 13:44:16.676 [info] > git ls-tree -l 000fc11ab848b413478b2c4c26b5f5ab751b1c52 -- modules/02-git-version-control/screenshots/.gitkeep [57ms]
2026-06-15 13:44:16.677 [info] > git ls-tree -l 000fc11ab848b413478b2c4c26b5f5ab751b1c52 -- modules/02-git-version-control/exercises.md [64ms]
2026-06-15 13:44:16.677 [info] > git ls-tree -l 000fc11ab848b413478b2c4c26b5f5ab751b1c52 -- modules/02-git-version-control/SUBMISSION.md [70ms]
2026-06-15 13:44:16.677 [info] > git ls-tree -l 000fc11ab848b413478b2c4c26b5f5ab751b1c52 -- modules/02-git-version-control/README.md [76ms]
2026-06-15 13:44:16.685 [info] > git ls-tree -l 000fc11ab848b413478b2c4c26b5f5ab751b1c52 -- modules/01-linux-essentials/screenshots/.gitkeep [89ms]
2026-06-15 13:44:16.685 [info] > git ls-tree -l 000fc11ab848b413478b2c4c26b5f5ab751b1c52 -- modules/01-linux-essentials/exercises.md [96ms]
2026-06-15 13:44:16.685 [info] > git ls-tree -l 000fc11ab848b413478b2c4c26b5f5ab751b1c52 -- modules/01-linux-essentials/SUBMISSION.md [102ms]
2026-06-15 13:44:16.685 [info] > git ls-tree -l 000fc11ab848b413478b2c4c26b5f5ab751b1c52 -- modules/01-linux-essentials/README.md [108ms]
2026-06-15 13:44:16.686 [info] > git ls-tree -l 000fc11ab848b413478b2c4c26b5f5ab751b1c52 -- README.md [114ms]
2026-06-15 13:44:16.686 [info] > git ls-tree -l 000fc11ab848b413478b2c4c26b5f5ab751b1c52 -- LICENSE [119ms]
2026-06-15 13:44:16.686 [info] > git ls-tree -l 000fc11ab848b413478b2c4c26b5f5ab751b1c52 -- .gitignore [125ms]
2026-06-15 13:44:17.205 [info] > git check-ignore -v -z --stdin [2ms]
2026-06-15 13:44:18.686 [info] > git blame --root --incremental 000fc11ab848b413478b2c4c26b5f5ab751b1c52 -- modules/01-linux-essentials/exercises.md [4ms]
2026-06-15 13:44:28.521 [info] > git show --textconv :modules/01-linux-essentials/exercises.md [8ms]
2026-06-15 13:44:28.522 [info] > git ls-files --stage -- modules/01-linux-essentials/exercises.md [3ms]
2026-06-15 13:44:28.530 [info] > git cat-file -s 3ef3535a1a31485a67392f79150b744dd6ce35fd [2ms]
2026-06-15 13:52:40.340 [info] > git ls-tree -l 000fc11ab848b413478b2c4c26b5f5ab751b1c52 -- modules/01-linux-essentials/screenshots/.gitkeep [8ms]
2026-06-15 13:52:40.341 [info] > git ls-tree -l 000fc11ab848b413478b2c4c26b5f5ab751b1c52 -- modules/01-linux-essentials/exercises.md [15ms]
2026-06-15 13:52:40.342 [info] > git ls-tree -l 000fc11ab848b413478b2c4c26b5f5ab751b1c52 -- modules/02-git-version-control/README.md [2ms]
2026-06-15 13:56:46.017 [info] > git ls-tree -l 000fc11ab848b413478b2c4c26b5f5ab751b1c52 -- modules/01-linux-essentials/screenshots/.gitkeep [8ms]
2026-06-15 13:56:46.018 [info] > git ls-tree -l 000fc11ab848b413478b2c4c26b5f5ab751b1c52 -- modules/01-linux-essentials/exercises.md [15ms]
2026-06-15 13:56:46.018 [info] > git ls-tree -l 000fc11ab848b413478b2c4c26b5f5ab751b1c52 -- modules/02-git-version-control/README.md [2ms]
2026-06-15 13:58:30.934 [info] > git ls-tree -l 000fc11ab848b413478b2c4c26b5f5ab751b1c52 -- modules/01-linux-essentials/screenshots/.gitkeep [8ms]
2026-06-15 13:58:30.935 [info] > git ls-tree -l 000fc11ab848b413478b2c4c26b5f5ab751b1c52 -- modules/01-linux-essentials/exercises.md [14ms]
2026-06-15 13:58:30.935 [info] > git ls-tree -l 000fc11ab848b413478b2c4c26b5f5ab751b1c52 -- modules/02-git-version-control/README.md [2ms]
2026-06-15 13:58:45.216 [info] > git ls-tree -l 000fc11ab848b413478b2c4c26b5f5ab751b1c52 -- modules/01-linux-essentials/screenshots/.gitkeep [9ms]
2026-06-15 13:58:45.217 [info] > git ls-tree -l 000fc11ab848b413478b2c4c26b5f5ab751b1c52 -- modules/01-linux-essentials/exercises.md [16ms]
2026-06-15 13:58:45.217 [info] > git ls-tree -l 000fc11ab848b413478b2c4c26b5f5ab751b1c52 -- modules/02-git-version-control/README.md [2ms]
2026-06-15 14:00:27.698 [info] > git ls-tree -l 000fc11ab848b413478b2c4c26b5f5ab751b1c52 -- modules/01-linux-essentials/screenshots/.gitkeep [7ms]
2026-06-15 14:00:27.699 [info] > git ls-tree -l 000fc11ab848b413478b2c4c26b5f5ab751b1c52 -- modules/01-linux-essentials/exercises.md [14ms]
2026-06-15 14:00:27.700 [info] > git ls-tree -l 000fc11ab848b413478b2c4c26b5f5ab751b1c52 -- modules/02-git-version-control/README.md [3ms]
2026-06-15 14:03:54.594 [info] > git ls-tree -l 000fc11ab848b413478b2c4c26b5f5ab751b1c52 -- modules/01-linux-essentials/screenshots/.gitkeep [8ms]
2026-06-15 14:03:54.595 [info] > git ls-tree -l 000fc11ab848b413478b2c4c26b5f5ab751b1c52 -- modules/01-linux-essentials/exercises.md [15ms]
2026-06-15 14:03:54.595 [info] > git ls-tree -l 000fc11ab848b413478b2c4c26b5f5ab751b1c52 -- modules/02-git-version-control/README.md [3ms]
2026-06-15 14:05:04.915 [info] > git ls-tree -l 000fc11ab848b413478b2c4c26b5f5ab751b1c52 -- modules/01-linux-essentials/screenshots/.gitkeep [9ms]
2026-06-15 14:05:04.916 [info] > git ls-tree -l 000fc11ab848b413478b2c4c26b5f5ab751b1c52 -- modules/01-linux-essentials/exercises.md [16ms]
2026-06-15 14:05:04.916 [info] > git ls-tree -l 000fc11ab848b413478b2c4c26b5f5ab751b1c52 -- modules/02-git-version-control/README.md [3ms]
