2026-06-17 00:37:36.140 [info] Extension host with pid 21336 started
2026-06-17 00:37:36.150 [info] Lock '/home/vsysuser/workspace/.openvscode-server/data/User/workspaceStorage/-72e404c2/vscode.lock': Lock acquired.
2026-06-17 00:37:36.311 [info] ExtensionService#_doActivateExtension vscode.git-base, startup: true, activationEvent: '*', root cause: vscode.git
2026-06-17 00:37:36.404 [info] ExtensionService#_doActivateExtension vscode.git, startup: true, activationEvent: '*'
2026-06-17 00:37:36.405 [info] ExtensionService#_doActivateExtension vscode.github, startup: true, activationEvent: '*'
2026-06-17 00:37:36.599 [info] Eager extensions activated
2026-06-17 00:37:36.600 [info] ExtensionService#_doActivateExtension vscode.debug-auto-launch, startup: false, activationEvent: 'onStartupFinished'
2026-06-17 00:37:36.600 [info] ExtensionService#_doActivateExtension vscode.merge-conflict, startup: false, activationEvent: 'onStartupFinished'
2026-06-17 00:37:36.601 [info] ExtensionService#_doActivateExtension Continue.continue, startup: false, activationEvent: 'onStartupFinished'
2026-06-17 00:37:36.601 [info] ExtensionService#_doActivateExtension vyomasystems.functional-coverage-viewer, startup: false, activationEvent: 'onStartupFinished'
2026-06-17 00:37:37.929 [info] ExtensionService#_doActivateExtension vscode.terminal-suggest, startup: false, activationEvent: 'onTerminalShellIntegration:*'
2026-06-17 00:37:38.396 [info] ExtensionService#_doActivateExtension vscode.emmet, startup: false, activationEvent: 'onLanguage'
2026-06-17 00:37:38.428 [info] ExtensionService#_doActivateExtension vscode.github-authentication, startup: false, activationEvent: 'onAuthenticationRequest:github'
2026-06-17 00:37:51.664 [info] ExtensionService#_doActivateExtension vscode.extension-editing, startup: false, activationEvent: 'onLanguage:markdown'
2026-06-17 00:37:51.665 [info] ExtensionService#_doActivateExtension vscode.markdown-language-features, startup: false, activationEvent: 'onLanguage:markdown'
2026-06-17 00:37:52.333 [info] ExtensionService#_doActivateExtension vscode.markdown-math, startup: false, activationEvent: 'api', root cause: vscode.markdown-language-features
2026-06-17 00:38:11.579 [info] ExtensionService#_doActivateExtension vscode.npm, startup: false, activationEvent: 'onTerminalQuickFixRequest:ms-vscode.npm-command'
2026-06-17 00:47:21.745 [warning] TextEditor is closed/disposed
2026-06-17 00:47:43.769 [error] Error: No autocomplete model configured and provided model not found in config
	at getAutocompleteContext (/home/vsysuser/workspace/.openvscode-server/extensions/continue.continue-1.3.38/out/extension.js:821508:21)
	at async processNextEditData (/home/vsysuser/workspace/.openvscode-server/extensions/continue.continue-1.3.38/out/extension.js:821625:35)
2026-06-17 00:56:35.570 [error] Error: No autocomplete model configured and provided model not found in config
	at getAutocompleteContext (/home/vsysuser/workspace/.openvscode-server/extensions/continue.continue-1.3.38/out/extension.js:821508:21)
	at async processNextEditData (/home/vsysuser/workspace/.openvscode-server/extensions/continue.continue-1.3.38/out/extension.js:821625:35)
2026-06-17 00:58:00.079 [info] ExtensionService#_doActivateExtension vscode.media-preview, startup: false, activationEvent: 'onCustomEditor:imagePreview.previewEditor'
2026-06-17 01:10:45.619 [warning] [Decorations] CAPPING events from decorations provider vscode.git 674
2026-06-17 01:10:45.888 [warning] [Decorations] CAPPING events from decorations provider vscode.git 674
2026-06-17 01:10:49.509 [warning] [Decorations] CAPPING events from decorations provider vscode.git 674
2026-06-17 01:10:54.561 [warning] [Decorations] CAPPING events from decorations provider vscode.git 674
2026-06-17 01:10:59.623 [warning] [Decorations] CAPPING events from decorations provider vscode.git 674
2026-06-17 01:11:34.193 [warning] [Decorations] CAPPING events from decorations provider vscode.git 674
2026-06-17 01:11:39.244 [warning] [Decorations] CAPPING events from decorations provider vscode.git 674
2026-06-17 01:11:44.294 [warning] [Decorations] CAPPING events from decorations provider vscode.git 674
2026-06-17 01:11:49.345 [warning] [Decorations] CAPPING events from decorations provider vscode.git 674
2026-06-17 01:11:54.399 [warning] [Decorations] CAPPING events from decorations provider vscode.git 674
