2026-06-18 07:57:17.904 [info] Reading sessions from keychain...
2026-06-18 07:57:17.904 [info] Getting sessions for all scopes...
2026-06-18 07:57:17.904 [info] Got 0 sessions for ...
2026-06-18 07:57:17.904 [info] Getting sessions for all scopes...
2026-06-18 07:57:17.904 [info] Got 0 sessions for ...
2026-06-18 07:57:17.904 [info] Getting sessions for all scopes...
2026-06-18 07:57:17.904 [info] Got 0 sessions for ...
2026-06-18 07:57:17.999 [info] Getting sessions for all scopes...
2026-06-18 07:57:17.999 [info] Got 0 sessions for ...
2026-06-18 07:57:17.999 [info] Getting sessions for all scopes...
2026-06-18 07:57:17.999 [info] Got 0 sessions for ...
2026-06-18 07:57:18.004 [info] Getting sessions for read:user,repo,user:email,workflow...
2026-06-18 07:57:18.004 [info] Got 0 sessions for read:user,repo,user:email,workflow...
2026-06-18 07:57:18.380 [info] Getting sessions for read:user,repo,user:email,workflow...
2026-06-18 07:57:18.380 [info] Got 0 sessions for read:user,repo,user:email,workflow...
2026-06-18 08:07:45.028 [info] Getting sessions for read:user,repo,user:email,workflow...
2026-06-18 08:07:45.028 [info] Got 0 sessions for read:user,repo,user:email,workflow...
2026-06-18 08:07:47.708 [info] Logging in with 'any' account...
2026-06-18 08:07:47.708 [info] Logging in for the following scopes: read:user repo user:email workflow
2026-06-18 08:07:47.914 [info] Trying device code flow... (read:user repo user:email workflow)
2026-06-18 08:09:19.635 [info] Getting user info...
2026-06-18 08:09:20.125 [info] Got account info!
2026-06-18 08:09:20.125 [info] Storing 1 sessions...
2026-06-18 08:09:20.212 [info] Reading sessions from keychain...
2026-06-18 08:09:20.213 [info] Stored 1 sessions!
2026-06-18 08:09:20.213 [info] Login success!
2026-06-18 08:09:20.311 [info] Got stored sessions!
2026-06-18 08:09:20.311 [info] Got 1 verified sessions.
2026-06-18 08:09:20.532 [info] Getting sessions for read:user,repo,user:email,workflow...
2026-06-18 08:09:20.532 [info] Got 1 sessions for read:user,repo,user:email,workflow...
2026-06-18 08:10:41.639 [info] Getting sessions for read:user,repo,user:email,workflow...
2026-06-18 08:10:41.639 [info] Got 1 sessions for read:user,repo,user:email,workflow...
2026-06-18 08:19:21.832 [info] Getting sessions for read:user,repo,user:email,workflow...
2026-06-18 08:19:21.832 [info] Got 1 sessions for read:user,repo,user:email,workflow...
2026-06-18 08:21:53.251 [info] Getting sessions for read:user,repo,user:email,workflow...
2026-06-18 08:21:53.251 [info] Got 1 sessions for read:user,repo,user:email,workflow...
2026-06-18 08:23:59.273 [info] Getting sessions for read:user,repo,user:email,workflow...
2026-06-18 08:23:59.273 [info] Got 1 sessions for read:user,repo,user:email,workflow...
2026-06-18 08:24:36.651 [info] Getting sessions for read:user,repo,user:email,workflow...
2026-06-18 08:24:36.651 [info] Got 1 sessions for read:user,repo,user:email,workflow...
2026-06-18 08:27:54.231 [info] Getting sessions for read:user,repo,user:email,workflow...
2026-06-18 08:27:54.231 [info] Got 1 sessions for read:user,repo,user:email,workflow...
