2026-06-17 00:34:08.070 [info] Extension host with pid 21177 started
2026-06-17 00:34:08.109 [info] Lock '/home/vsysuser/workspace/.openvscode-server/data/User/workspaceStorage/-72e404c2/vscode.lock': Lock acquired.
2026-06-17 00:34:08.253 [info] ExtensionService#_doActivateExtension vscode.extension-editing, startup: false, activationEvent: 'onLanguage:markdown'
2026-06-17 00:34:08.255 [info] ExtensionService#_doActivateExtension vscode.markdown-language-features, startup: false, activationEvent: 'onLanguage:markdown'
2026-06-17 00:34:08.255 [info] ExtensionService#_doActivateExtension vscode.emmet, startup: false, activationEvent: 'onLanguage'
2026-06-17 00:34:08.706 [info] ExtensionService#_doActivateExtension vscode.git-base, startup: true, activationEvent: '*', root cause: vscode.git
2026-06-17 00:34:08.807 [info] ExtensionService#_doActivateExtension vscode.git, startup: true, activationEvent: '*'
2026-06-17 00:34:08.807 [info] ExtensionService#_doActivateExtension vscode.github, startup: true, activationEvent: '*'
2026-06-17 00:34:08.985 [info] ExtensionService#_doActivateExtension vscode.markdown-math, startup: false, activationEvent: 'api', root cause: vscode.markdown-language-features
2026-06-17 00:34:09.076 [info] Eager extensions activated
2026-06-17 00:34:09.077 [info] ExtensionService#_doActivateExtension vscode.debug-auto-launch, startup: false, activationEvent: 'onStartupFinished'
2026-06-17 00:34:09.077 [info] ExtensionService#_doActivateExtension vscode.merge-conflict, startup: false, activationEvent: 'onStartupFinished'
2026-06-17 00:34:09.077 [info] ExtensionService#_doActivateExtension Continue.continue, startup: false, activationEvent: 'onStartupFinished'
2026-06-17 00:34:09.078 [info] ExtensionService#_doActivateExtension vyomasystems.functional-coverage-viewer, startup: false, activationEvent: 'onStartupFinished'
2026-06-17 00:34:10.864 [info] ExtensionService#_doActivateExtension vscode.github-authentication, startup: false, activationEvent: 'onAuthenticationRequest:github'
2026-06-17 00:35:15.826 [error] Error: read ECONNRESET
	at TCP.onStreamRead (node:internal/stream_base_commons:216:20)
2026-06-17 00:35:15.849 [info] Extension host terminating: received terminate message from renderer
2026-06-17 00:35:15.850 [info] Lock '/home/vsysuser/workspace/.openvscode-server/data/User/workspaceStorage/-72e404c2/vscode.lock': Marking the lockfile as scheduled to be released in 6000 ms.
2026-06-17 00:35:15.902 [error] [vscode.markdown-language-features] provider FAILED
2026-06-17 00:35:15.902 [error] Error: Starting server failed
	at T.$start (/home/.vsysuser/extensions/markdown-language-features/dist/extension.js:2:420126)
	at async T.sendRequest (/home/.vsysuser/extensions/markdown-language-features/dist/extension.js:2:405191)
	at async vT.provideDocumentSymbols (file:///home/.vsysuser/out/vs/workbench/api/node/extensionHostProcess.js:142:137946)
2026-06-17 00:35:15.902 [info] Extension host with pid 21177 exiting with code 0
