2026-06-14 14:43:09.880 [info] Reading sessions from keychain...
2026-06-14 14:43:09.880 [info] Getting sessions for all scopes...
2026-06-14 14:43:09.880 [info] Got 0 sessions for ...
2026-06-14 14:43:09.880 [info] Getting sessions for all scopes...
2026-06-14 14:43:09.880 [info] Got 0 sessions for ...
2026-06-14 14:43:09.880 [info] Getting sessions for all scopes...
2026-06-14 14:43:09.881 [info] Got 0 sessions for ...
2026-06-14 14:43:09.881 [info] Getting sessions for all scopes...
2026-06-14 14:43:09.881 [info] Got 0 sessions for ...
2026-06-14 14:43:09.881 [info] Getting sessions for all scopes...
2026-06-14 14:43:09.881 [info] Got 0 sessions for ...
2026-06-14 14:43:09.963 [info] Getting sessions for read:user,repo,user:email,workflow...
2026-06-14 14:43:09.963 [info] Got 0 sessions for read:user,repo,user:email,workflow...
2026-06-14 14:43:09.972 [info] Getting sessions for read:user,repo,user:email,workflow...
2026-06-14 14:43:09.972 [info] Got 0 sessions for read:user,repo,user:email,workflow...
2026-06-14 14:43:12.964 [info] Logging in with 'any' account...
2026-06-14 14:43:12.964 [info] Logging in for the following scopes: read:user repo user:email workflow
2026-06-14 14:43:13.133 [info] Trying device code flow... (read:user repo user:email workflow)
2026-06-14 14:50:24.015 [error] User Cancelled
2026-06-14 14:50:28.844 [info] Trying to retrieve PAT... (read:user repo user:email workflow)
2026-06-14 14:51:16.461 [error] User Cancelled
2026-06-14 14:51:49.187 [info] Getting sessions for read:user,repo,user:email,workflow...
2026-06-14 14:51:49.187 [info] Got 0 sessions for read:user,repo,user:email,workflow...
2026-06-14 14:51:49.630 [info] Getting sessions for read:user,repo,user:email,workflow...
2026-06-14 14:51:49.630 [info] Got 0 sessions for read:user,repo,user:email,workflow...
2026-06-14 14:51:51.199 [info] Logging in with 'any' account...
2026-06-14 14:51:51.199 [info] Logging in for the following scopes: read:user repo user:email workflow
2026-06-14 14:51:51.287 [info] Trying device code flow... (read:user repo user:email workflow)
2026-06-14 14:53:06.686 [info] Getting user info...
2026-06-14 14:53:07.140 [info] Got account info!
2026-06-14 14:53:07.141 [info] Storing 1 sessions...
2026-06-14 14:53:07.224 [info] Reading sessions from keychain...
2026-06-14 14:53:07.224 [info] Stored 1 sessions!
2026-06-14 14:53:07.224 [info] Login success!
2026-06-14 14:53:07.308 [info] Got stored sessions!
2026-06-14 14:53:07.308 [info] Got 1 verified sessions.
2026-06-14 14:53:07.488 [info] Getting sessions for read:user,repo,user:email,workflow...
2026-06-14 14:53:07.489 [info] Got 1 sessions for read:user,repo,user:email,workflow...
2026-06-14 14:56:06.426 [info] Getting sessions for read:user,repo,user:email,workflow...
2026-06-14 14:56:06.426 [info] Got 1 sessions for read:user,repo,user:email,workflow...
2026-06-14 14:56:59.768 [info] Getting sessions for read:user,repo,user:email,workflow...
2026-06-14 14:56:59.768 [info] Got 1 sessions for read:user,repo,user:email,workflow...
