2026-06-17 00:34:10.666 [info] [main] Log level: Info
2026-06-17 00:34:10.666 [info] [main] Validating found git in: "git"
2026-06-17 00:34:10.666 [info] [main] Using git "2.43.0" from "git"
2026-06-17 00:34:10.666 [info] [Model][doInitialScan] Initial repository scan started
2026-06-17 00:34:10.666 [info] > git rev-parse --show-toplevel [4ms]
2026-06-17 00:34:10.666 [info] fatal: not a git repository (or any of the parent directories): .git
2026-06-17 00:34:10.666 [info] > git rev-parse --show-toplevel [3ms]
2026-06-17 00:34:10.666 [info] > git rev-parse --git-dir --git-common-dir --show-superproject-working-tree [1304ms]
2026-06-17 00:34:10.666 [info] [Model][openRepository] Opened repository (path): /home/vsysuser/workspace/assignment1-AmsyarRiz
2026-06-17 00:34:10.666 [info] [Model][openRepository] Opened repository (real path): /home/vsysuser/workspace/assignment1-AmsyarRiz
2026-06-17 00:34:10.666 [info] [Model][openRepository] Opened repository (kind): repository
2026-06-17 00:34:10.666 [info] > git config --get commit.template [13ms]
2026-06-17 00:34:10.666 [info] > git rev-parse --show-toplevel [80ms]
2026-06-17 00:34:10.666 [info] fatal: not a git repository (or any of the parent directories): .git
2026-06-17 00:34:10.666 [info] > git for-each-ref --format=%(refname)%00%(upstream:short)%00%(objectname)%00%(upstream:track)%00%(upstream:remotename)%00%(upstream:remoteref) refs/heads/main refs/remotes/main [12ms]
2026-06-17 00:34:10.666 [warning] [Git][revParse] Unable to read file: ENOENT: no such file or directory, open '/home/vsysuser/workspace/assignment1-AmsyarRiz/.git/refs/remotes/origin/main'
2026-06-17 00:34:10.666 [info] > git rev-parse --show-toplevel [12ms]
2026-06-17 00:34:10.666 [info] fatal: not a git repository (or any of the parent directories): .git
2026-06-17 00:34:10.666 [info] > git rev-parse refs/remotes/origin/main [10ms]
2026-06-17 00:34:10.666 [info] > git status -z -uall [16ms]
2026-06-17 00:34:10.666 [info] > git rev-parse --show-toplevel [26ms]
2026-06-17 00:34:10.666 [info] fatal: not a git repository (or any of the parent directories): .git
2026-06-17 00:34:10.666 [info] > git for-each-ref --sort -committerdate --format %(refname)%00%(objectname)%00%(*objectname) [18ms]
2026-06-17 00:34:10.666 [info] > git for-each-ref --format=%(refname)%00%(upstream:short)%00%(objectname)%00%(upstream:track)%00%(upstream:remotename)%00%(upstream:remoteref) refs/heads/main refs/remotes/main [14ms]
2026-06-17 00:34:10.666 [info] > git rev-parse --show-toplevel [54ms]
2026-06-17 00:34:10.666 [info] fatal: not a git repository (or any of the parent directories): .git
2026-06-17 00:34:10.666 [info] > git config --get commit.template [16ms]
2026-06-17 00:34:10.666 [info] > git config --get --local branch.main.vscode-merge-base [20ms]
2026-06-17 00:34:10.692 [info] > git rev-parse --show-toplevel [33ms]
2026-06-17 00:34:10.692 [info] fatal: not a git repository (or any of the parent directories): .git
2026-06-17 00:34:10.704 [info] > git for-each-ref --format=%(refname)%00%(upstream:short)%00%(objectname)%00%(upstream:track)%00%(upstream:remotename)%00%(upstream:remoteref) refs/heads/origin/main refs/remotes/origin/main [29ms]
2026-06-17 00:34:10.720 [info] > git rev-parse --show-toplevel [18ms]
2026-06-17 00:34:10.720 [info] fatal: not a git repository (or any of the parent directories): .git
2026-06-17 00:34:10.721 [info] > git for-each-ref --format=%(refname)%00%(upstream:short)%00%(objectname)%00%(upstream:track)%00%(upstream:remotename)%00%(upstream:remoteref) refs/heads/main refs/remotes/main [31ms]
2026-06-17 00:34:10.740 [warning] [Git][revParse] Unable to read file: ENOENT: no such file or directory, open '/home/vsysuser/workspace/assignment1-AmsyarRiz/.git/refs/remotes/origin/main'
2026-06-17 00:34:10.741 [info] > git merge-base refs/heads/main refs/remotes/origin/main [25ms]
2026-06-17 00:34:10.757 [info] > git rev-parse refs/remotes/origin/main [17ms]
2026-06-17 00:34:10.778 [info] > git rev-parse --show-toplevel [48ms]
2026-06-17 00:34:10.778 [info] fatal: not a git repository (or any of the parent directories): .git
2026-06-17 00:34:10.779 [info] [Model][doInitialScan] Initial repository scan completed - repositories (1), closed repositories (0), parent repositories (0), unsafe repositories (0)
2026-06-17 00:34:10.781 [info] > git status -z -uall [13ms]
2026-06-17 00:34:10.782 [info] > git diff --name-status -z --diff-filter=ADMR 261908b4bc59edacebe6d54dc3b2f934b109acde...refs/remotes/origin/main [28ms]
2026-06-17 00:34:10.783 [info] > git for-each-ref --sort -committerdate --format %(refname)%00%(objectname)%00%(*objectname) [5ms]
2026-06-17 00:34:10.825 [info] > git rev-parse --show-toplevel [6ms]
2026-06-17 00:34:10.825 [info] fatal: not a git repository (or any of the parent directories): .git
2026-06-17 00:34:13.411 [info] > git check-ignore -v -z --stdin [27ms]
2026-06-17 00:34:13.648 [info] > git show --textconv :modules/01-linux-essentials/SUBMISSION.md [12ms]
2026-06-17 00:34:13.653 [info] > git ls-files --stage -- modules/01-linux-essentials/SUBMISSION.md [5ms]
2026-06-17 00:34:13.666 [info] > git cat-file -s 515d874fd6f8eb28fa0d290185bec0741d06f6dd [1ms]
2026-06-17 00:34:25.799 [info] > git rev-parse --show-toplevel [1ms]
2026-06-17 00:34:25.799 [info] fatal: not a git repository (or any of the parent directories): .git
2026-06-17 00:35:15.827 [info] > git rev-parse --show-toplevel [4ms]
2026-06-17 00:35:15.827 [info] fatal: not a git repository (or any of the parent directories): .git
