2026-06-17 00:37:38.106 [info] [main] Log level: Info
2026-06-17 00:37:38.106 [info] [main] Validating found git in: "git"
2026-06-17 00:37:38.106 [info] [main] Using git "2.43.0" from "git"
2026-06-17 00:37:38.106 [info] [Model][doInitialScan] Initial repository scan started
2026-06-17 00:37:38.106 [info] > git rev-parse --show-toplevel [3ms]
2026-06-17 00:37:38.107 [info] fatal: not a git repository (or any of the parent directories): .git
2026-06-17 00:37:38.107 [info] > git rev-parse --show-toplevel [136ms]
2026-06-17 00:37:38.107 [info] fatal: not a git repository (or any of the parent directories): .git
2026-06-17 00:37:38.107 [info] > git rev-parse --show-toplevel [2ms]
2026-06-17 00:37:38.107 [info] fatal: not a git repository (or any of the parent directories): .git
2026-06-17 00:37:38.107 [info] > git rev-parse --show-toplevel [3ms]
2026-06-17 00:37:38.107 [info] fatal: not a git repository (or any of the parent directories): .git
2026-06-17 00:37:38.107 [info] > git rev-parse --show-toplevel [3ms]
2026-06-17 00:37:38.107 [info] fatal: not a git repository (or any of the parent directories): .git
2026-06-17 00:37:38.107 [info] > git rev-parse --show-toplevel [4ms]
2026-06-17 00:37:38.110 [info] > git rev-parse --git-dir --git-common-dir --show-superproject-working-tree [7ms]
2026-06-17 00:37:38.131 [info] [Model][openRepository] Opened repository (path): /home/vsysuser/workspace/assignment1-AmsyarRiz
2026-06-17 00:37:38.131 [info] [Model][openRepository] Opened repository (real path): /home/vsysuser/workspace/assignment1-AmsyarRiz
2026-06-17 00:37:38.131 [info] [Model][openRepository] Opened repository (kind): repository
2026-06-17 00:37:38.151 [info] > git config --get commit.template [9ms]
2026-06-17 00:37:38.152 [info] > git rev-parse --show-toplevel [4ms]
2026-06-17 00:37:38.152 [info] fatal: not a git repository (or any of the parent directories): .git
2026-06-17 00:37:38.168 [info] > git for-each-ref --format=%(refname)%00%(upstream:short)%00%(objectname)%00%(upstream:track)%00%(upstream:remotename)%00%(upstream:remoteref) refs/heads/main refs/remotes/main [9ms]
2026-06-17 00:37:38.170 [info] > git rev-parse --show-toplevel [2ms]
2026-06-17 00:37:38.170 [info] fatal: not a git repository (or any of the parent directories): .git
2026-06-17 00:37:38.176 [warning] [Git][revParse] Unable to read file: ENOENT: no such file or directory, open '/home/vsysuser/workspace/assignment1-AmsyarRiz/.git/refs/remotes/origin/main'
2026-06-17 00:37:38.184 [info] > git rev-parse refs/remotes/origin/main [9ms]
2026-06-17 00:37:38.203 [info] > git status -z -uall [11ms]
2026-06-17 00:37:38.204 [info] > git rev-parse --show-toplevel [21ms]
2026-06-17 00:37:38.204 [info] fatal: not a git repository (or any of the parent directories): .git
2026-06-17 00:37:38.205 [info] [Model][doInitialScan] Initial repository scan completed - repositories (1), closed repositories (0), parent repositories (0), unsafe repositories (0)
2026-06-17 00:37:38.205 [info] > git for-each-ref --sort -committerdate --format %(refname)%00%(objectname)%00%(*objectname) [4ms]
2026-06-17 00:37:38.244 [info] > git for-each-ref --format=%(refname)%00%(upstream:short)%00%(objectname)%00%(upstream:track)%00%(upstream:remotename)%00%(upstream:remoteref) refs/heads/main refs/remotes/main [12ms]
2026-06-17 00:37:38.254 [info] > git config --get commit.template [9ms]
2026-06-17 00:37:38.255 [info] > git config --get --local branch.main.vscode-merge-base [3ms]
2026-06-17 00:37:38.270 [info] > git for-each-ref --format=%(refname)%00%(upstream:short)%00%(objectname)%00%(upstream:track)%00%(upstream:remotename)%00%(upstream:remoteref) refs/heads/origin/main refs/remotes/origin/main [8ms]
2026-06-17 00:37:38.280 [info] > git for-each-ref --format=%(refname)%00%(upstream:short)%00%(objectname)%00%(upstream:track)%00%(upstream:remotename)%00%(upstream:remoteref) refs/heads/main refs/remotes/main [10ms]
2026-06-17 00:37:38.286 [warning] [Git][revParse] Unable to read file: ENOENT: no such file or directory, open '/home/vsysuser/workspace/assignment1-AmsyarRiz/.git/refs/remotes/origin/main'
2026-06-17 00:37:38.288 [info] > git merge-base refs/heads/main refs/remotes/origin/main [10ms]
2026-06-17 00:37:38.297 [info] > git rev-parse refs/remotes/origin/main [11ms]
2026-06-17 00:37:38.313 [info] > git status -z -uall [9ms]
2026-06-17 00:37:38.314 [info] > git diff --name-status -z --diff-filter=ADMR 261908b4bc59edacebe6d54dc3b2f934b109acde...refs/remotes/origin/main [19ms]
2026-06-17 00:37:38.316 [info] > git for-each-ref --sort -committerdate --format %(refname)%00%(objectname)%00%(*objectname) [3ms]
2026-06-17 00:37:38.365 [info] > git rev-parse --show-toplevel [3ms]
2026-06-17 00:37:38.365 [info] fatal: not a git repository (or any of the parent directories): .git
2026-06-17 00:37:40.185 [info] > git check-ignore -v -z --stdin [14ms]
2026-06-17 00:37:40.376 [info] > git rev-parse --show-toplevel [2ms]
2026-06-17 00:37:40.376 [info] fatal: not a git repository (or any of the parent directories): .git
2026-06-17 00:37:48.894 [info] > git check-ignore -v -z --stdin [2ms]
2026-06-17 00:37:52.129 [info] > git show --textconv :modules/01-linux-essentials/README.md [14ms]
2026-06-17 00:37:52.134 [info] > git ls-files --stage -- modules/01-linux-essentials/README.md [6ms]
2026-06-17 00:37:52.148 [info] > git cat-file -s 8247155b8eaaf9e89fe42902f657474b8f6f96f7 [4ms]
2026-06-17 00:37:52.482 [info] > git blame --root --incremental 261908b4bc59edacebe6d54dc3b2f934b109acde -- modules/01-linux-essentials/README.md [12ms]
2026-06-17 00:39:38.462 [info] > git show --textconv :modules/01-linux-essentials/exercises.md [9ms]
2026-06-17 00:39:38.462 [info] > git ls-files --stage -- modules/01-linux-essentials/exercises.md [3ms]
2026-06-17 00:39:38.471 [info] > git cat-file -s 3ef3535a1a31485a67392f79150b744dd6ce35fd [2ms]
2026-06-17 00:39:38.563 [info] > git blame --root --incremental 261908b4bc59edacebe6d54dc3b2f934b109acde -- modules/01-linux-essentials/exercises.md [2ms]
2026-06-17 00:42:17.368 [info] > git show --textconv :modules/01-linux-essentials/README.md [9ms]
2026-06-17 00:42:17.369 [info] > git ls-files --stage -- modules/01-linux-essentials/README.md [2ms]
2026-06-17 00:42:17.378 [info] > git cat-file -s 8247155b8eaaf9e89fe42902f657474b8f6f96f7 [2ms]
2026-06-17 00:46:41.906 [info] > git show --textconv :modules/01-linux-essentials/SUBMISSION.md [8ms]
2026-06-17 00:46:41.908 [info] > git ls-files --stage -- modules/01-linux-essentials/SUBMISSION.md [2ms]
2026-06-17 00:46:41.917 [info] > git cat-file -s 515d874fd6f8eb28fa0d290185bec0741d06f6dd [2ms]
2026-06-17 00:47:02.799 [info] > git blame --root --incremental 261908b4bc59edacebe6d54dc3b2f934b109acde -- modules/01-linux-essentials/SUBMISSION.md [2ms]
2026-06-17 00:47:06.852 [info] > git config --get commit.template [3ms]
2026-06-17 00:47:06.861 [info] > git for-each-ref --format=%(refname)%00%(upstream:short)%00%(objectname)%00%(upstream:track)%00%(upstream:remotename)%00%(upstream:remoteref) refs/heads/main refs/remotes/main [3ms]
2026-06-17 00:47:06.868 [warning] [Git][revParse] Unable to read file: ENOENT: no such file or directory, open '/home/vsysuser/workspace/assignment1-AmsyarRiz/.git/refs/remotes/origin/main'
2026-06-17 00:47:06.869 [info] > git rev-parse refs/remotes/origin/main [1ms]
2026-06-17 00:47:06.885 [info] > git status -z -uall [8ms]
2026-06-17 00:47:06.886 [info] > git for-each-ref --sort -committerdate --format %(refname)%00%(objectname)%00%(*objectname) [3ms]
2026-06-17 00:47:31.499 [info] > git config --get commit.template [10ms]
2026-06-17 00:47:31.499 [info] > git for-each-ref --format=%(refname)%00%(upstream:short)%00%(objectname)%00%(upstream:track)%00%(upstream:remotename)%00%(upstream:remoteref) refs/heads/main refs/remotes/main [3ms]
2026-06-17 00:47:31.506 [warning] [Git][revParse] Unable to read file: ENOENT: no such file or directory, open '/home/vsysuser/workspace/assignment1-AmsyarRiz/.git/refs/remotes/origin/main'
2026-06-17 00:47:31.508 [info] > git rev-parse refs/remotes/origin/main [2ms]
2026-06-17 00:47:31.525 [info] > git status -z -uall [9ms]
2026-06-17 00:47:31.526 [info] > git for-each-ref --sort -committerdate --format %(refname)%00%(objectname)%00%(*objectname) [3ms]
2026-06-17 00:47:45.870 [info] > git config --get commit.template [9ms]
2026-06-17 00:47:45.871 [info] > git for-each-ref --format=%(refname)%00%(upstream:short)%00%(objectname)%00%(upstream:track)%00%(upstream:remotename)%00%(upstream:remoteref) refs/heads/main refs/remotes/main [2ms]
2026-06-17 00:47:45.878 [warning] [Git][revParse] Unable to read file: ENOENT: no such file or directory, open '/home/vsysuser/workspace/assignment1-AmsyarRiz/.git/refs/remotes/origin/main'
2026-06-17 00:47:45.880 [info] > git rev-parse refs/remotes/origin/main [2ms]
2026-06-17 00:47:45.897 [info] > git status -z -uall [9ms]
2026-06-17 00:47:45.898 [info] > git for-each-ref --sort -committerdate --format %(refname)%00%(objectname)%00%(*objectname) [2ms]
2026-06-17 00:48:04.882 [info] > git show --textconv :modules/01-linux-essentials/exercises.md [9ms]
2026-06-17 00:48:04.883 [info] > git ls-files --stage -- modules/01-linux-essentials/exercises.md [3ms]
2026-06-17 00:48:04.892 [info] > git cat-file -s 3ef3535a1a31485a67392f79150b744dd6ce35fd [2ms]
2026-06-17 00:51:26.220 [info] > git show -s --decorate=full --shortstat --format=%H%n%aN%n%aE%n%at%n%ct%n%P%n%D%n%B -z 000fc11ab848b413478b2c4c26b5f5ab751b1c52 -- [3ms]
2026-06-17 00:54:51.871 [info] > git rev-parse --show-toplevel [2ms]
2026-06-17 00:54:51.871 [info] fatal: not a git repository (or any of the parent directories): .git
2026-06-17 00:54:57.300 [info] > git show --textconv :modules/01-linux-essentials/exercises.md [8ms]
2026-06-17 00:54:57.301 [info] > git ls-files --stage -- modules/01-linux-essentials/exercises.md [2ms]
2026-06-17 00:54:57.310 [info] > git cat-file -s 3ef3535a1a31485a67392f79150b744dd6ce35fd [2ms]
2026-06-17 00:56:12.356 [info] > git show --textconv :modules/01-linux-essentials/SUBMISSION.md [8ms]
2026-06-17 00:56:12.358 [info] > git ls-files --stage -- modules/01-linux-essentials/SUBMISSION.md [2ms]
2026-06-17 00:56:12.367 [info] > git cat-file -s 515d874fd6f8eb28fa0d290185bec0741d06f6dd [2ms]
2026-06-17 00:56:37.364 [info] > git config --get commit.template [9ms]
2026-06-17 00:56:37.365 [info] > git for-each-ref --format=%(refname)%00%(upstream:short)%00%(objectname)%00%(upstream:track)%00%(upstream:remotename)%00%(upstream:remoteref) refs/heads/main refs/remotes/main [2ms]
2026-06-17 00:56:37.374 [warning] [Git][revParse] Unable to read file: ENOENT: no such file or directory, open '/home/vsysuser/workspace/assignment1-AmsyarRiz/.git/refs/remotes/origin/main'
2026-06-17 00:56:37.376 [info] > git rev-parse refs/remotes/origin/main [2ms]
2026-06-17 00:56:37.393 [info] > git status -z -uall [9ms]
2026-06-17 00:56:37.394 [info] > git for-each-ref --sort -committerdate --format %(refname)%00%(objectname)%00%(*objectname) [2ms]
2026-06-17 00:56:59.081 [info] > git config --get commit.template [8ms]
2026-06-17 00:56:59.082 [info] > git for-each-ref --format=%(refname)%00%(upstream:short)%00%(objectname)%00%(upstream:track)%00%(upstream:remotename)%00%(upstream:remoteref) refs/heads/main refs/remotes/main [2ms]
2026-06-17 00:56:59.089 [warning] [Git][revParse] Unable to read file: ENOENT: no such file or directory, open '/home/vsysuser/workspace/assignment1-AmsyarRiz/.git/refs/remotes/origin/main'
2026-06-17 00:56:59.091 [info] > git rev-parse refs/remotes/origin/main [2ms]
2026-06-17 00:56:59.105 [info] > git status -z -uall [8ms]
2026-06-17 00:56:59.107 [info] > git for-each-ref --sort -committerdate --format %(refname)%00%(objectname)%00%(*objectname) [2ms]
2026-06-17 00:58:00.598 [info] > git check-ignore -v -z --stdin [1ms]
2026-06-17 00:58:01.119 [info] > git config --get commit.template [9ms]
2026-06-17 00:58:01.121 [info] > git for-each-ref --format=%(refname)%00%(upstream:short)%00%(objectname)%00%(upstream:track)%00%(upstream:remotename)%00%(upstream:remoteref) refs/heads/main refs/remotes/main [3ms]
2026-06-17 00:58:01.128 [warning] [Git][revParse] Unable to read file: ENOENT: no such file or directory, open '/home/vsysuser/workspace/assignment1-AmsyarRiz/.git/refs/remotes/origin/main'
2026-06-17 00:58:01.130 [info] > git rev-parse refs/remotes/origin/main [1ms]
2026-06-17 00:58:01.146 [info] > git status -z -uall [9ms]
2026-06-17 00:58:01.148 [info] > git for-each-ref --sort -committerdate --format %(refname)%00%(objectname)%00%(*objectname) [2ms]
2026-06-17 00:58:11.140 [info] > git show --textconv :modules/01-linux-essentials/exercises.md [8ms]
2026-06-17 00:58:11.141 [info] > git ls-files --stage -- modules/01-linux-essentials/exercises.md [2ms]
2026-06-17 00:58:11.150 [info] > git cat-file -s 3ef3535a1a31485a67392f79150b744dd6ce35fd [3ms]
2026-06-17 00:59:19.070 [info] > git check-ignore -v -z --stdin [4ms]
2026-06-17 00:59:19.543 [info] > git config --get commit.template [3ms]
2026-06-17 00:59:19.552 [info] > git for-each-ref --format=%(refname)%00%(upstream:short)%00%(objectname)%00%(upstream:track)%00%(upstream:remotename)%00%(upstream:remoteref) refs/heads/main refs/remotes/main [1ms]
2026-06-17 00:59:19.559 [warning] [Git][revParse] Unable to read file: ENOENT: no such file or directory, open '/home/vsysuser/workspace/assignment1-AmsyarRiz/.git/refs/remotes/origin/main'
2026-06-17 00:59:19.560 [info] > git rev-parse refs/remotes/origin/main [1ms]
2026-06-17 00:59:19.577 [info] > git status -z -uall [10ms]
2026-06-17 00:59:19.579 [info] > git for-each-ref --sort -committerdate --format %(refname)%00%(objectname)%00%(*objectname) [3ms]
2026-06-17 00:59:29.377 [info] > git show --textconv :modules/01-linux-essentials/exercises.md [9ms]
2026-06-17 00:59:29.378 [info] > git ls-files --stage -- modules/01-linux-essentials/exercises.md [2ms]
2026-06-17 00:59:29.387 [info] > git cat-file -s 3ef3535a1a31485a67392f79150b744dd6ce35fd [1ms]
2026-06-17 01:00:42.844 [info] > git log --format=%H%n%aN%n%aE%n%at%n%ct%n%P%n%D%n%B -z --shortstat --diff-merges=first-parent -n50 --skip=0 --topo-order --decorate=full --stdin [22ms]
2026-06-17 01:00:42.850 [info] > git rev-parse --show-toplevel [7ms]
2026-06-17 01:00:42.851 [info] fatal: not a git repository (or any of the parent directories): .git
2026-06-17 01:01:14.141 [info] > git show --textconv :modules/01-linux-essentials/SUBMISSION.md [8ms]
2026-06-17 01:01:14.142 [info] > git ls-files --stage -- modules/01-linux-essentials/SUBMISSION.md [2ms]
2026-06-17 01:01:14.151 [info] > git cat-file -s 515d874fd6f8eb28fa0d290185bec0741d06f6dd [2ms]
2026-06-17 01:01:41.427 [info] > git show --textconv :modules/01-linux-essentials/exercises.md [8ms]
2026-06-17 01:01:41.428 [info] > git ls-files --stage -- modules/01-linux-essentials/exercises.md [2ms]
2026-06-17 01:01:41.437 [info] > git cat-file -s 3ef3535a1a31485a67392f79150b744dd6ce35fd [2ms]
2026-06-17 01:03:54.629 [info] > git show --textconv :modules/01-linux-essentials/SUBMISSION.md [8ms]
2026-06-17 01:03:54.630 [info] > git ls-files --stage -- modules/01-linux-essentials/SUBMISSION.md [2ms]
2026-06-17 01:03:54.639 [info] > git cat-file -s 515d874fd6f8eb28fa0d290185bec0741d06f6dd [2ms]
2026-06-17 01:04:12.216 [info] > git show --textconv :modules/01-linux-essentials/SUBMISSION.md [9ms]
2026-06-17 01:04:12.217 [info] > git ls-files --stage -- modules/01-linux-essentials/SUBMISSION.md [2ms]
2026-06-17 01:04:12.226 [info] > git cat-file -s 515d874fd6f8eb28fa0d290185bec0741d06f6dd [2ms]
2026-06-17 01:04:39.013 [info] > git check-ignore -v -z --stdin [2ms]
2026-06-17 01:04:40.113 [info] > git show --textconv :modules/02-git-version-control/README.md [9ms]
2026-06-17 01:04:40.114 [info] > git ls-files --stage -- modules/02-git-version-control/README.md [2ms]
2026-06-17 01:04:40.125 [info] > git cat-file -s 4183a8bff586abcc88a53b3dd8ff714ab413ea88 [3ms]
2026-06-17 01:10:45.528 [info] > git rev-parse --show-toplevel [1ms]
2026-06-17 01:10:45.541 [info] > git rev-parse --git-dir --git-common-dir --show-superproject-working-tree [3ms]
2026-06-17 01:10:45.552 [info] [Model][openRepository] Opened repository (path): /home/vsysuser/workspace
2026-06-17 01:10:45.552 [info] [Model][openRepository] Opened repository (real path): /home/vsysuser/workspace
2026-06-17 01:10:45.552 [info] [Model][openRepository] Opened repository (kind): repository
2026-06-17 01:10:45.571 [info] [Git][getRemotes] No remotes found in the git config file
2026-06-17 01:10:45.572 [info] > git config --get commit.template [9ms]
2026-06-17 01:10:45.573 [info] > git for-each-ref --format=%(refname)%00%(upstream:short)%00%(objectname)%00%(upstream:track)%00%(upstream:remotename)%00%(upstream:remoteref) refs/heads/master refs/remotes/master [2ms]
2026-06-17 01:10:45.573 [warning] [Git][getBranch] No such branch: master
2026-06-17 01:10:45.596 [info] > git status -z -uall [14ms]
2026-06-17 01:10:45.604 [info] > git for-each-ref --sort -committerdate --format %(refname)%00%(objectname)%00%(*objectname) [9ms]
2026-06-17 01:10:45.650 [info] > git for-each-ref --format=%(refname)%00%(upstream:short)%00%(objectname)%00%(upstream:track)%00%(upstream:remotename)%00%(upstream:remoteref) refs/heads/master refs/remotes/master [17ms]
2026-06-17 01:10:45.650 [warning] [Git][getBranch] No such branch: master
2026-06-17 01:10:45.651 [error] [GitHistoryProvider][resolveHEADMergeBase] Failed to resolve merge base for master: Error: No such branch: master.
2026-06-17 01:10:45.836 [info] > git config --get commit.template [187ms]
2026-06-17 01:10:45.846 [info] [Git][getRemotes] No remotes found in the git config file
2026-06-17 01:10:45.849 [info] > git for-each-ref --format=%(refname)%00%(upstream:short)%00%(objectname)%00%(upstream:track)%00%(upstream:remotename)%00%(upstream:remoteref) refs/heads/master refs/remotes/master [3ms]
2026-06-17 01:10:45.849 [warning] [Git][getBranch] No such branch: master
2026-06-17 01:10:45.869 [info] > git status -z -uall [11ms]
2026-06-17 01:10:45.875 [info] > git for-each-ref --sort -committerdate --format %(refname)%00%(objectname)%00%(*objectname) [8ms]
2026-06-17 01:10:46.397 [info] > git check-ignore -v -z --stdin [12ms]
2026-06-17 01:10:46.397 [info] > git check-ignore -v -z --stdin [4ms]
2026-06-17 01:10:49.464 [info] [Git][getRemotes] No remotes found in the git config file
2026-06-17 01:10:49.474 [info] > git config --get commit.template [11ms]
2026-06-17 01:10:49.476 [info] > git for-each-ref --format=%(refname)%00%(upstream:short)%00%(objectname)%00%(upstream:track)%00%(upstream:remotename)%00%(upstream:remoteref) refs/heads/master refs/remotes/master [2ms]
2026-06-17 01:10:49.476 [warning] [Git][getBranch] No such branch: master
2026-06-17 01:10:49.495 [info] > git status -z -uall [12ms]
2026-06-17 01:10:49.499 [info] > git for-each-ref --sort -committerdate --format %(refname)%00%(objectname)%00%(*objectname) [6ms]
2026-06-17 01:10:54.530 [info] [Git][getRemotes] No remotes found in the git config file
2026-06-17 01:10:54.531 [info] > git config --get commit.template [10ms]
2026-06-17 01:10:54.532 [info] > git for-each-ref --format=%(refname)%00%(upstream:short)%00%(objectname)%00%(upstream:track)%00%(upstream:remotename)%00%(upstream:remoteref) refs/heads/master refs/remotes/master [2ms]
2026-06-17 01:10:54.532 [warning] [Git][getBranch] No such branch: master
2026-06-17 01:10:54.550 [info] > git status -z -uall [11ms]
2026-06-17 01:10:54.554 [info] > git for-each-ref --sort -committerdate --format %(refname)%00%(objectname)%00%(*objectname) [4ms]
2026-06-17 01:10:59.582 [info] [Git][getRemotes] No remotes found in the git config file
2026-06-17 01:10:59.583 [info] > git config --get commit.template [10ms]
2026-06-17 01:10:59.584 [info] > git for-each-ref --format=%(refname)%00%(upstream:short)%00%(objectname)%00%(upstream:track)%00%(upstream:remotename)%00%(upstream:remoteref) refs/heads/master refs/remotes/master [2ms]
2026-06-17 01:10:59.584 [warning] [Git][getBranch] No such branch: master
2026-06-17 01:10:59.606 [info] > git status -z -uall [16ms]
2026-06-17 01:10:59.612 [info] > git for-each-ref --sort -committerdate --format %(refname)%00%(objectname)%00%(*objectname) [9ms]
2026-06-17 01:11:34.161 [info] [Git][getRemotes] No remotes found in the git config file
2026-06-17 01:11:34.163 [info] > git for-each-ref --format=%(refname)%00%(upstream:short)%00%(objectname)%00%(upstream:track)%00%(upstream:remotename)%00%(upstream:remoteref) refs/heads/master refs/remotes/master [2ms]
2026-06-17 01:11:34.163 [warning] [Git][getBranch] No such branch: master
2026-06-17 01:11:34.163 [info] > git config --get commit.template [11ms]
2026-06-17 01:11:34.181 [info] > git status -z -uall [11ms]
2026-06-17 01:11:34.186 [info] > git for-each-ref --sort -committerdate --format %(refname)%00%(objectname)%00%(*objectname) [7ms]
2026-06-17 01:11:39.206 [info] [Git][getRemotes] No remotes found in the git config file
2026-06-17 01:11:39.214 [info] > git config --get commit.template [9ms]
2026-06-17 01:11:39.215 [info] > git for-each-ref --format=%(refname)%00%(upstream:short)%00%(objectname)%00%(upstream:track)%00%(upstream:remotename)%00%(upstream:remoteref) refs/heads/master refs/remotes/master [2ms]
2026-06-17 01:11:39.215 [warning] [Git][getBranch] No such branch: master
2026-06-17 01:11:39.233 [info] > git status -z -uall [10ms]
2026-06-17 01:11:39.237 [info] > git for-each-ref --sort -committerdate --format %(refname)%00%(objectname)%00%(*objectname) [6ms]
2026-06-17 01:11:44.264 [info] [Git][getRemotes] No remotes found in the git config file
2026-06-17 01:11:44.265 [info] > git config --get commit.template [8ms]
2026-06-17 01:11:44.266 [info] > git for-each-ref --format=%(refname)%00%(upstream:short)%00%(objectname)%00%(upstream:track)%00%(upstream:remotename)%00%(upstream:remoteref) refs/heads/master refs/remotes/master [2ms]
2026-06-17 01:11:44.266 [warning] [Git][getBranch] No such branch: master
2026-06-17 01:11:44.283 [info] > git status -z -uall [10ms]
2026-06-17 01:11:44.288 [info] > git for-each-ref --sort -committerdate --format %(refname)%00%(objectname)%00%(*objectname) [6ms]
2026-06-17 01:11:48.654 [info] > git check-ignore -v -z --stdin [2ms]
2026-06-17 01:11:49.314 [info] [Git][getRemotes] No remotes found in the git config file
2026-06-17 01:11:49.315 [info] > git config --get commit.template [10ms]
2026-06-17 01:11:49.316 [info] > git for-each-ref --format=%(refname)%00%(upstream:short)%00%(objectname)%00%(upstream:track)%00%(upstream:remotename)%00%(upstream:remoteref) refs/heads/master refs/remotes/master [2ms]
2026-06-17 01:11:49.316 [warning] [Git][getBranch] No such branch: master
2026-06-17 01:11:49.335 [info] > git status -z -uall [11ms]
2026-06-17 01:11:49.338 [info] > git for-each-ref --sort -committerdate --format %(refname)%00%(objectname)%00%(*objectname) [4ms]
2026-06-17 01:11:49.829 [info] > git show --textconv :modules/01-linux-essentials/exercises.md [10ms]
2026-06-17 01:11:49.830 [info] > git ls-files --stage -- modules/01-linux-essentials/exercises.md [2ms]
2026-06-17 01:11:49.840 [info] > git cat-file -s 3ef3535a1a31485a67392f79150b744dd6ce35fd [2ms]
2026-06-17 01:11:54.369 [info] [Git][getRemotes] No remotes found in the git config file
2026-06-17 01:11:54.370 [info] > git config --get commit.template [9ms]
2026-06-17 01:11:54.371 [info] > git for-each-ref --format=%(refname)%00%(upstream:short)%00%(objectname)%00%(upstream:track)%00%(upstream:remotename)%00%(upstream:remoteref) refs/heads/master refs/remotes/master [2ms]
2026-06-17 01:11:54.371 [warning] [Git][getBranch] No such branch: master
2026-06-17 01:11:54.389 [info] > git status -z -uall [11ms]
2026-06-17 01:11:54.392 [info] > git for-each-ref --sort -committerdate --format %(refname)%00%(objectname)%00%(*objectname) [4ms]
