2026-06-15 14:13:31.402 [info] Extension host with pid 19773 started
2026-06-15 14:13:31.402 [error] Error: EEXIST: file already exists, open '/home/vsysuser/workspace/.openvscode-server/data/User/workspaceStorage/-72e404c2/vscode.lock'
2026-06-15 14:13:31.413 [info] Lock '/home/vsysuser/workspace/.openvscode-server/data/User/workspaceStorage/-72e404c2/vscode.lock': Could not acquire lock, checking if the file is stale.
2026-06-15 14:13:31.444 [info] Lock '/home/vsysuser/workspace/.openvscode-server/data/User/workspaceStorage/-72e404c2/vscode.lock': The lock does not look stale, elapsed: 944 ms, giving up.
2026-06-15 14:13:31.453 [info] Lock '/home/vsysuser/workspace/.openvscode-server/data/User/workspaceStorage/-72e404c2-1/vscode.lock': Lock acquired.
2026-06-15 14:13:31.617 [info] ExtensionService#_doActivateExtension vscode.extension-editing, startup: false, activationEvent: 'onLanguage:markdown'
2026-06-15 14:13:31.619 [info] ExtensionService#_doActivateExtension vscode.markdown-language-features, startup: false, activationEvent: 'onLanguage:markdown'
2026-06-15 14:13:31.619 [info] ExtensionService#_doActivateExtension vscode.emmet, startup: false, activationEvent: 'onLanguage'
2026-06-15 14:13:32.075 [info] ExtensionService#_doActivateExtension vscode.git-base, startup: true, activationEvent: '*', root cause: vscode.git
2026-06-15 14:13:32.135 [info] ExtensionService#_doActivateExtension vscode.terminal-suggest, startup: false, activationEvent: 'onTerminalShellIntegration:*'
2026-06-15 14:13:32.241 [info] ExtensionService#_doActivateExtension vscode.git, startup: true, activationEvent: '*'
2026-06-15 14:13:32.241 [info] ExtensionService#_doActivateExtension vscode.github, startup: true, activationEvent: '*'
2026-06-15 14:13:32.386 [info] ExtensionService#_doActivateExtension vscode.markdown-math, startup: false, activationEvent: 'api', root cause: vscode.markdown-language-features
2026-06-15 14:13:32.515 [info] Eager extensions activated
2026-06-15 14:13:32.515 [info] ExtensionService#_doActivateExtension vscode.debug-auto-launch, startup: false, activationEvent: 'onStartupFinished'
2026-06-15 14:13:32.516 [info] ExtensionService#_doActivateExtension vscode.merge-conflict, startup: false, activationEvent: 'onStartupFinished'
2026-06-15 14:13:32.516 [info] ExtensionService#_doActivateExtension Continue.continue, startup: false, activationEvent: 'onStartupFinished'
2026-06-15 14:13:32.517 [info] ExtensionService#_doActivateExtension vyomasystems.functional-coverage-viewer, startup: false, activationEvent: 'onStartupFinished'
2026-06-15 14:13:34.254 [info] ExtensionService#_doActivateExtension vscode.github-authentication, startup: false, activationEvent: 'onAuthenticationRequest:github'
2026-06-15 21:10:02.373 [info] Extension host terminating: renderer disconnected for too long (1)
2026-06-15 21:10:02.373 [info] Lock '/home/vsysuser/workspace/.openvscode-server/data/User/workspaceStorage/-72e404c2-1/vscode.lock': Marking the lockfile as scheduled to be released in 6000 ms.
2026-06-15 21:10:02.385 [info] Extension host with pid 19773 exiting with code 0
